2024-10-31 18:20:17,014 [INFO] Activator:176 - 


2024-10-31 18:20:17,018 [INFO] Activator:177 - !SESSION log4j initialized
2024-10-31 18:20:21,100 [INFO] LogOutputStream:77 - [STDOUT_REDIRECT] 
2024-10-31 18:20:22,264 [INFO] ApplicationProperties:184 - Using Application install path: C:\STM32CubeIDE_1.10.1\STM32CubeIDE\plugins\com.st.stm32cube.common.mx_6.12.1.202409122256
2024-10-31 18:20:22,277 [INFO] DbMcusXml:78 - Set database path to: C:\STM32CubeIDE_1.10.1\STM32CubeIDE\plugins\com.st.stm32cube.common.mx_6.12.1.202409122256\\db\/mcu/
2024-10-31 18:20:22,277 [INFO] ApiDb:274 - Set plugin database path to: C:\STM32CubeIDE_1.10.1\STM32CubeIDE\plugins\com.st.stm32cube.common.mx_6.12.1.202409122256\\db\/plugins/boardmanager/
2024-10-31 18:20:22,277 [WARN] ApiDb:259 - Overriding images path with different value:  => C:\STM32CubeIDE_1.10.1\STM32CubeIDE\plugins\com.st.stm32cube.common.mx_6.12.1.202409122256\\db\/plugins/mcufinder/images/
2024-10-31 18:20:22,285 [INFO] ApiDb:250 - Set database path to: C:\Users\matan\.stmcufinder\plugins\mcufinder//mcu/
2024-10-31 18:20:22,285 [INFO] DbMcusAds:125 - Set database path to: C:\Users\matan\.stmcufinder\plugins\mcufinder//mcu/
2024-10-31 18:20:22,288 [INFO] CrossReferenceDbSqlite:203 - Set database path to: C:\Users\matan\.stmcufinder\plugins\mcufinder//mcu/cs/
2024-10-31 18:20:22,373 [INFO] RulesReader:64 - Compatibility file has been processed (297 Rules)
2024-10-31 18:20:22,428 [INFO] DbMcusXml:78 - Set database path to: C:\STM32CubeIDE_1.10.1\STM32CubeIDE\plugins\com.st.stm32cube.common.mx_6.12.1.202409122256\\db\/mcu/
2024-10-31 18:20:22,428 [INFO] ApiDb:274 - Set plugin database path to: C:\STM32CubeIDE_1.10.1\STM32CubeIDE\plugins\com.st.stm32cube.common.mx_6.12.1.202409122256\\db\/plugins/boardmanager/
2024-10-31 18:20:22,428 [INFO] ApiDb:261 - Set plugin images path to: C:\STM32CubeIDE_1.10.1\STM32CubeIDE\plugins\com.st.stm32cube.common.mx_6.12.1.202409122256\\db\/plugins/mcufinder/images/
2024-10-31 18:20:22,428 [WARN] DbFile:41 - Overriding database path with different value: C:\Users\matan\.stmcufinder\plugins\mcufinder/ => C:\Users\matan\.stmcufinder\plugins\mcufinder
2024-10-31 18:20:22,429 [INFO] ApiDb:250 - Set database path to: C:\Users\matan\.stmcufinder\plugins\mcufinder//mcu/
2024-10-31 18:20:22,429 [WARN] DbFile:41 - Overriding database path with different value: C:\Users\matan\.stmcufinder\plugins\mcufinder/ => C:\Users\matan\.stmcufinder\plugins\mcufinder
2024-10-31 18:20:22,429 [INFO] DbMcusAds:125 - Set database path to: C:\Users\matan\.stmcufinder\plugins\mcufinder//mcu/
2024-10-31 18:20:22,429 [WARN] DbFile:41 - Overriding database path with different value: C:\Users\matan\.stmcufinder\plugins\mcufinder/ => C:\Users\matan\.stmcufinder\plugins\mcufinder
2024-10-31 18:20:22,429 [WARN] DbFile:41 - Overriding database path with different value: C:\Users\matan\.stmcufinder\plugins\mcufinder/ => C:\Users\matan\.stmcufinder\plugins\mcufinder
2024-10-31 18:20:22,429 [INFO] CrossReferenceDbSqlite:203 - Set database path to: C:\Users\matan\.stmcufinder\plugins\mcufinder//mcu/cs/
2024-10-31 18:20:22,486 [INFO] MainPanel:268 - HeapMemory: 268435456
2024-10-31 18:20:22,596 [INFO] DbMcusXml:78 - Set database path to: C:\STM32CubeIDE_1.10.1\STM32CubeIDE\plugins\com.st.stm32cube.common.mx_6.12.1.202409122256\\db\/mcu/
2024-10-31 18:20:22,596 [INFO] ApiDb:274 - Set plugin database path to: C:\STM32CubeIDE_1.10.1\STM32CubeIDE\plugins\com.st.stm32cube.common.mx_6.12.1.202409122256\\db\/plugins/boardmanager/
2024-10-31 18:20:22,596 [INFO] ApiDb:261 - Set plugin images path to: C:\STM32CubeIDE_1.10.1\STM32CubeIDE\plugins\com.st.stm32cube.common.mx_6.12.1.202409122256\\db\/plugins/mcufinder/images/
2024-10-31 18:20:22,596 [WARN] DbFile:41 - Overriding database path with different value: C:\Users\matan\.stmcufinder\plugins\mcufinder/ => C:\Users\matan\.stmcufinder\plugins\mcufinder
2024-10-31 18:20:22,597 [INFO] ApiDb:250 - Set database path to: C:\Users\matan\.stmcufinder\plugins\mcufinder//mcu/
2024-10-31 18:20:22,597 [WARN] DbFile:41 - Overriding database path with different value: C:\Users\matan\.stmcufinder\plugins\mcufinder/ => C:\Users\matan\.stmcufinder\plugins\mcufinder
2024-10-31 18:20:22,597 [INFO] DbMcusAds:125 - Set database path to: C:\Users\matan\.stmcufinder\plugins\mcufinder//mcu/
2024-10-31 18:20:22,597 [WARN] DbFile:41 - Overriding database path with different value: C:\Users\matan\.stmcufinder\plugins\mcufinder/ => C:\Users\matan\.stmcufinder\plugins\mcufinder
2024-10-31 18:20:22,597 [WARN] DbFile:41 - Overriding database path with different value: C:\Users\matan\.stmcufinder\plugins\mcufinder/ => C:\Users\matan\.stmcufinder\plugins\mcufinder
2024-10-31 18:20:22,597 [INFO] CrossReferenceDbSqlite:203 - Set database path to: C:\Users\matan\.stmcufinder\plugins\mcufinder//mcu/cs/
2024-10-31 18:20:22,610 [INFO] ApplicationProperties:184 - Using Application install path: C:\STM32CubeIDE_1.10.1\STM32CubeIDE\plugins\com.st.stm32cube.common.mx_6.12.1.202409122256
2024-10-31 18:20:22,611 [INFO] PluginManage:196 - Search for loadable plugins [exclusion list=, ]
2024-10-31 18:20:22,612 [INFO] PluginManage:310 - Check plugin analytics
2024-10-31 18:20:22,747 [INFO] AnalyticsPlugin:253 - Accepted Software Licenses: 
2024-10-31 18:20:22,747 [INFO] AnalyticsPlugin:255 - Accepted CMSIS Pack Licenses: 
2024-10-31 18:20:22,747 [INFO] AnalyticsPlugin:257 - Accepted Firmware Licenses: 
2024-10-31 18:20:22,750 [INFO] PluginManage:359 - Loaded plugin analytics (category:tool,tabindex:-1)
2024-10-31 18:20:22,750 [INFO] PluginManage:310 - Check plugin cadmodel
2024-10-31 18:20:22,765 [INFO] CADModel:105 - Init CAD model plugin
2024-10-31 18:20:22,765 [INFO] PluginManage:359 - Loaded plugin cadmodel (category:power,tabindex:5)
2024-10-31 18:20:22,765 [INFO] PluginManage:310 - Check plugin clock
2024-10-31 18:20:22,783 [INFO] PluginManage:359 - Loaded plugin clock (category:base,tabindex:2)
2024-10-31 18:20:22,783 [INFO] PluginManage:310 - Check plugin ddr
2024-10-31 18:20:22,787 [INFO] PluginManage:359 - Loaded plugin ddr (category:tool,tabindex:6)
2024-10-31 18:20:22,788 [INFO] PluginManage:310 - Check plugin filemanager
2024-10-31 18:20:22,910 [INFO] PluginManage:359 - Loaded plugin filemanager (category:base,tabindex:10)
2024-10-31 18:20:22,910 [INFO] PluginManage:310 - Check plugin ipmanager
2024-10-31 18:20:22,915 [INFO] PluginManage:359 - Loaded plugin ipmanager (category:base,tabindex:5)
2024-10-31 18:20:22,915 [INFO] PluginManage:310 - Check plugin lpbam
2024-10-31 18:20:22,930 [INFO] PluginManage:359 - Loaded plugin lpbam (category:base,tabindex:0)
2024-10-31 18:20:22,931 [INFO] PluginManage:310 - Check plugin memorymap
2024-10-31 18:20:22,950 [INFO] PluginManage:359 - Loaded plugin memorymap (category:base,tabindex:4)
2024-10-31 18:20:22,950 [INFO] PluginManage:310 - Check plugin pinoutandconfiguration
2024-10-31 18:20:22,964 [INFO] PluginManage:359 - Loaded plugin pinoutandconfiguration (category:base,tabindex:1)
2024-10-31 18:20:22,964 [INFO] PluginManage:310 - Check plugin pinoutconfig
2024-10-31 18:20:23,032 [WARN] SupportedApi:132 - Cannot load RTOS API schema: s4s-elt-must-match.1: The content of 'definitions' must match (annotation?, (simpleType | complexType)?, (unique | key | keyref)*)). A problem was found starting at: attribute.
2024-10-31 18:20:23,126 [INFO] PluginManage:359 - Loaded plugin pinoutconfig (category:base,tabindex:0)
2024-10-31 18:20:23,126 [INFO] PluginManage:310 - Check plugin power
2024-10-31 18:20:23,142 [INFO] PluginManage:359 - Loaded plugin power (category:power,tabindex:4)
2024-10-31 18:20:23,142 [INFO] PluginManage:310 - Check plugin projectmanager
2024-10-31 18:20:23,153 [INFO] PluginManage:359 - Loaded plugin projectmanager (category:projectmanager,tabindex:4)
2024-10-31 18:20:23,153 [INFO] PluginManage:310 - Check plugin rif
2024-10-31 18:20:23,166 [INFO] PluginManage:359 - Loaded plugin rif (category:base,tabindex:3)
2024-10-31 18:20:23,166 [INFO] PluginManage:310 - Check plugin thirdparty
2024-10-31 18:20:23,387 [INFO] PluginManage:359 - Loaded plugin thirdparty (category:base,tabindex:-1)
2024-10-31 18:20:23,387 [WARN] IntegrityCheckThread:84 - waiting for thirdparty lock release [integrity check]
2024-10-31 18:20:23,388 [INFO] PluginManage:310 - Check plugin tools
2024-10-31 18:20:23,388 [INFO] IntegrityCheckThread:86 - entering critical section [integrity check]
2024-10-31 18:20:23,388 [INFO] ThirdPartyUpdaterWithRetryManager:70 - Updater plugin not ready yet. [1/15]
2024-10-31 18:20:23,415 [INFO] PluginManage:359 - Loaded plugin tools (category:base,tabindex:7)
2024-10-31 18:20:23,415 [INFO] PluginManage:310 - Check plugin tutovideos
2024-10-31 18:20:23,588 [INFO] PluginManage:359 - Loaded plugin tutovideos (category:base,tabindex:-1)
2024-10-31 18:20:23,589 [INFO] PluginManage:310 - Check plugin updater
2024-10-31 18:20:23,604 [INFO] PluginManage:359 - Loaded plugin updater (category:base,tabindex:12)
2024-10-31 18:20:23,604 [INFO] PluginManage:310 - Check plugin userauth
2024-10-31 18:20:23,610 [INFO] UserAuth:113 - Init User Auth plugin
2024-10-31 18:20:23,611 [INFO] PluginManage:359 - Loaded plugin userauth (category:base,tabindex:14)
2024-10-31 18:20:23,611 [INFO] PluginManage:283 - PluginManage : Loaded plugins [18]
2024-10-31 18:20:23,769 [INFO] PinOutPanel:1561 - setPackage(No Configuration,No Configuration)
2024-10-31 18:20:23,837 [INFO] CADModel:165 - CPN selected for project level
2024-10-31 18:20:23,838 [INFO] CADModel:114 - Register for checkConnection events
2024-10-31 18:20:23,861 [INFO] IPUIPlugin:80 - create IPUIPlugin
2024-10-31 18:20:23,861 [INFO] PluginManager:220 - loadIPPluginJar : add adc
2024-10-31 18:20:23,888 [INFO] IPUIPlugin:80 - create IPUIPlugin
2024-10-31 18:20:23,888 [INFO] PluginManager:220 - loadIPPluginJar : add aes
2024-10-31 18:20:23,915 [INFO] IPUIPlugin:80 - create IPUIPlugin
2024-10-31 18:20:23,915 [INFO] PluginManager:220 - loadIPPluginJar : add can
2024-10-31 18:20:23,931 [INFO] IPUIPlugin:80 - create IPUIPlugin
2024-10-31 18:20:23,931 [INFO] PluginManager:220 - loadIPPluginJar : add comp
2024-10-31 18:20:23,952 [INFO] IPUIPlugin:80 - create IPUIPlugin
2024-10-31 18:20:23,952 [INFO] PluginManager:220 - loadIPPluginJar : add cryp
2024-10-31 18:20:23,960 [INFO] IPUIPlugin:80 - create IPUIPlugin
2024-10-31 18:20:23,960 [INFO] PluginManager:220 - loadIPPluginJar : add ddr_ctrl_phy
2024-10-31 18:20:23,979 [INFO] IPUIPlugin:80 - create IPUIPlugin
2024-10-31 18:20:23,979 [INFO] PluginManager:220 - loadIPPluginJar : add dfsdm
2024-10-31 18:20:23,988 [INFO] IPUIPlugin:80 - create IPUIPlugin
2024-10-31 18:20:23,989 [INFO] PluginManager:220 - loadIPPluginJar : add dma
2024-10-31 18:20:24,021 [INFO] IPUIPlugin:80 - create IPUIPlugin
2024-10-31 18:20:24,021 [INFO] PluginManager:220 - loadIPPluginJar : add dma3
2024-10-31 18:20:24,051 [INFO] IPUIPlugin:80 - create IPUIPlugin
2024-10-31 18:20:24,052 [INFO] PluginManager:220 - loadIPPluginJar : add extmemmanager
2024-10-31 18:20:24,065 [INFO] IPUIPlugin:80 - create IPUIPlugin
2024-10-31 18:20:24,065 [INFO] PluginManager:220 - loadIPPluginJar : add fatfs
2024-10-31 18:20:24,098 [INFO] IPUIPlugin:80 - create IPUIPlugin
2024-10-31 18:20:24,098 [INFO] PluginManager:220 - loadIPPluginJar : add fmc
2024-10-31 18:20:24,109 [INFO] IPUIPlugin:80 - create IPUIPlugin
2024-10-31 18:20:24,109 [INFO] PluginManager:220 - loadIPPluginJar : add freertos
2024-10-31 18:20:24,123 [INFO] IPUIPlugin:80 - create IPUIPlugin
2024-10-31 18:20:24,124 [INFO] PluginManager:220 - loadIPPluginJar : add genericplugin
2024-10-31 18:20:24,182 [INFO] IPUIPlugin:80 - create IPUIPlugin
2024-10-31 18:20:24,183 [INFO] PluginManager:220 - loadIPPluginJar : add gfxmmu
2024-10-31 18:20:24,269 [INFO] IPUIPlugin:80 - create IPUIPlugin
2024-10-31 18:20:24,269 [INFO] PluginManager:220 - loadIPPluginJar : add gic
2024-10-31 18:20:24,279 [INFO] IPUIPlugin:80 - create IPUIPlugin
2024-10-31 18:20:24,279 [INFO] PluginManager:220 - loadIPPluginJar : add gpio
2024-10-31 18:20:24,351 [INFO] IPUIPlugin:80 - create IPUIPlugin
2024-10-31 18:20:24,351 [INFO] PluginManager:220 - loadIPPluginJar : add gtzc
2024-10-31 18:20:24,394 [INFO] IPUIPlugin:80 - create IPUIPlugin
2024-10-31 18:20:24,394 [INFO] PluginManager:220 - loadIPPluginJar : add hash
2024-10-31 18:20:24,446 [INFO] IPUIPlugin:80 - create IPUIPlugin
2024-10-31 18:20:24,446 [INFO] PluginManager:220 - loadIPPluginJar : add i2c
2024-10-31 18:20:24,485 [INFO] IPUIPlugin:80 - create IPUIPlugin
2024-10-31 18:20:24,485 [INFO] PluginManager:220 - loadIPPluginJar : add i2s
2024-10-31 18:20:24,527 [INFO] IPUIPlugin:80 - create IPUIPlugin
2024-10-31 18:20:24,527 [INFO] PluginManager:220 - loadIPPluginJar : add i3c
2024-10-31 18:20:24,634 [INFO] IPUIPlugin:80 - create IPUIPlugin
2024-10-31 18:20:24,634 [INFO] PluginManager:220 - loadIPPluginJar : add ipddr
2024-10-31 18:20:24,722 [INFO] IPUIPlugin:80 - create IPUIPlugin
2024-10-31 18:20:24,723 [INFO] PluginManager:220 - loadIPPluginJar : add linkedlist
2024-10-31 18:20:24,756 [INFO] IPUIPlugin:80 - create IPUIPlugin
2024-10-31 18:20:24,756 [INFO] PluginManager:220 - loadIPPluginJar : add lorawan
2024-10-31 18:20:24,791 [INFO] IPUIPlugin:80 - create IPUIPlugin
2024-10-31 18:20:24,792 [INFO] PluginManager:220 - loadIPPluginJar : add ltdc
2024-10-31 18:20:24,805 [INFO] IPUIPlugin:80 - create IPUIPlugin
2024-10-31 18:20:24,805 [INFO] PluginManager:220 - loadIPPluginJar : add mdma
2024-10-31 18:20:24,816 [INFO] IPUIPlugin:80 - create IPUIPlugin
2024-10-31 18:20:24,816 [INFO] PluginManager:220 - loadIPPluginJar : add nvic
2024-10-31 18:20:24,853 [INFO] IPUIPlugin:80 - create IPUIPlugin
2024-10-31 18:20:24,853 [INFO] PluginManager:220 - loadIPPluginJar : add opamp
2024-10-31 18:20:24,912 [INFO] IPUIPlugin:80 - create IPUIPlugin
2024-10-31 18:20:24,912 [INFO] PluginManager:220 - loadIPPluginJar : add openamp
2024-10-31 18:20:24,952 [INFO] IPUIPlugin:80 - create IPUIPlugin
2024-10-31 18:20:24,953 [INFO] PluginManager:220 - loadIPPluginJar : add pdm2pcm
2024-10-31 18:20:24,966 [INFO] IPUIPlugin:80 - create IPUIPlugin
2024-10-31 18:20:24,968 [INFO] PluginManager:220 - loadIPPluginJar : add plateformsettings
2024-10-31 18:20:24,990 [INFO] IPUIPlugin:80 - create IPUIPlugin
2024-10-31 18:20:24,991 [INFO] PluginManager:220 - loadIPPluginJar : add quadspi
2024-10-31 18:20:25,015 [INFO] IPUIPlugin:80 - create IPUIPlugin
2024-10-31 18:20:25,015 [INFO] PluginManager:220 - loadIPPluginJar : add radio
2024-10-31 18:20:25,027 [INFO] IPUIPlugin:80 - create IPUIPlugin
2024-10-31 18:20:25,027 [INFO] PluginManager:220 - loadIPPluginJar : add resmgrutility
2024-10-31 18:20:25,067 [INFO] IPUIPlugin:80 - create IPUIPlugin
2024-10-31 18:20:25,067 [INFO] PluginManager:220 - loadIPPluginJar : add sai
2024-10-31 18:20:25,095 [INFO] IPUIPlugin:80 - create IPUIPlugin
2024-10-31 18:20:25,095 [INFO] PluginManager:220 - loadIPPluginJar : add spi
2024-10-31 18:20:25,160 [INFO] IPUIPlugin:80 - create IPUIPlugin
2024-10-31 18:20:25,160 [INFO] PluginManager:220 - loadIPPluginJar : add stm32_wpan
2024-10-31 18:20:25,180 [INFO] IPUIPlugin:80 - create IPUIPlugin
2024-10-31 18:20:25,180 [INFO] PluginManager:220 - loadIPPluginJar : add tim
2024-10-31 18:20:25,223 [INFO] IPUIPlugin:80 - create IPUIPlugin
2024-10-31 18:20:25,223 [INFO] PluginManager:220 - loadIPPluginJar : add touchsensing
2024-10-31 18:20:25,240 [INFO] IPUIPlugin:80 - create IPUIPlugin
2024-10-31 18:20:25,240 [INFO] PluginManager:220 - loadIPPluginJar : add tracer_emb
2024-10-31 18:20:25,256 [INFO] IPUIPlugin:80 - create IPUIPlugin
2024-10-31 18:20:25,256 [INFO] PluginManager:220 - loadIPPluginJar : add ts
2024-10-31 18:20:25,272 [INFO] IPUIPlugin:80 - create IPUIPlugin
2024-10-31 18:20:25,272 [INFO] PluginManager:220 - loadIPPluginJar : add tsc
2024-10-31 18:20:25,287 [INFO] IPUIPlugin:80 - create IPUIPlugin
2024-10-31 18:20:25,287 [INFO] PluginManager:220 - loadIPPluginJar : add ucpd
2024-10-31 18:20:25,319 [INFO] IPUIPlugin:80 - create IPUIPlugin
2024-10-31 18:20:25,319 [INFO] PluginManager:220 - loadIPPluginJar : add usart
2024-10-31 18:20:25,350 [INFO] IPUIPlugin:80 - create IPUIPlugin
2024-10-31 18:20:25,350 [INFO] PluginManager:220 - loadIPPluginJar : add usbx
2024-10-31 18:20:25,458 [INFO] CADModel:165 - CPN selected for project level
2024-10-31 18:20:25,459 [INFO] CADModel:114 - Register for checkConnection events
2024-10-31 18:20:25,459 [FATAL] Updater:334 - Updater called before beeing initialized
2024-10-31 18:20:25,459 [ERROR] CADModel:125 - Updater not yet initialized, retry later 
2024-10-31 18:20:25,547 [INFO] CADModel:165 - CPN selected for project level
2024-10-31 18:20:25,547 [INFO] CADModel:114 - Register for checkConnection events
2024-10-31 18:20:25,547 [FATAL] Updater:334 - Updater called before beeing initialized
2024-10-31 18:20:25,547 [ERROR] CADModel:125 - Updater not yet initialized, retry later 
2024-10-31 18:20:25,550 [FATAL] Updater:334 - Updater called before beeing initialized
2024-10-31 18:20:25,615 [FATAL] Updater:334 - Updater called before beeing initialized
2024-10-31 18:20:25,623 [INFO] DbMcusAds:53 - JSON generation date=Fri Sep 20 16:04:23 IDT 2024 (1726837463113)
2024-10-31 18:20:25,623 [FATAL] Updater:334 - Updater called before beeing initialized
2024-10-31 18:20:25,653 [WARN] DetailPanel:346 - Failed to get advertising image, set to default
2024-10-31 18:20:25,732 [FATAL] Updater:334 - Updater called before beeing initialized
2024-10-31 18:20:25,734 [FATAL] Updater:334 - Updater called before beeing initialized
2024-10-31 18:20:25,734 [FATAL] Updater:334 - Updater called before beeing initialized
2024-10-31 18:20:25,734 [WARN] DetailPanel:346 - Failed to get advertising image, set to default
2024-10-31 18:20:25,735 [FATAL] Updater:334 - Updater called before beeing initialized
2024-10-31 18:20:25,778 [ERROR] Updater:1164 - MainUpdater not yet initialized. External WinMGr cannot be set.
2024-10-31 18:20:25,786 [INFO] Updater:1100 - Updater Version found : 6.12.1
2024-10-31 18:20:25,802 [INFO] ApplicationProperties:184 - Using Application install path: C:\STM32CubeIDE_1.10.1\STM32CubeIDE\plugins\com.st.stm32cube.common.mx_6.12.1.202409122256
2024-10-31 18:20:26,388 [INFO] ThirdPartyUpdaterWithRetryManager:70 - Updater plugin not ready yet. [2/15]
2024-10-31 18:20:27,371 [ERROR] LogOutputStream:75 - [STDERR_REDIRECT] Oct 31, 2024 6:20:27 PM java.util.prefs.WindowsPreferences <init>
2024-10-31 18:20:27,372 [ERROR] LogOutputStream:75 - [STDERR_REDIRECT] WARNING: Could not open/create prefs root node Software\JavaSoft\Prefs at root 0xffffffff80000002. Windows RegCreateKeyEx(...) returned error code 5.
2024-10-31 18:20:27,372 [ERROR] LogOutputStream:75 - [STDERR_REDIRECT] 
2024-10-31 18:20:27,928 [INFO] MainUpdater:2873 - connection check result : 10
2024-10-31 18:20:27,928 [INFO] MainUpdater:3567 - Updater definition file requires update
2024-10-31 18:20:27,929 [INFO] MainUpdater:290 - Updater Check For Update Now.
2024-10-31 18:20:27,929 [INFO] MicroXplorer:498 - Change Database Version : DB.6.0.121
2024-10-31 18:20:27,941 [INFO] McuFinderGlobals:63 - Set McuFinder mode to 2 (CubeIDE integrated)
2024-10-31 18:20:27,942 [INFO] UserAuth:179 - activating auth plugin
2024-10-31 18:20:27,944 [INFO] UserAuth:417 - Internet connection configuration mode: 1
2024-10-31 18:20:27,962 [INFO] JxBrowserEngine:152 - Initiate JxBrowser Engine with user profile folder
2024-10-31 18:20:28,427 [INFO] ServerAccessManage:473 - Download File updaters.zip
2024-10-31 18:20:28,482 [INFO] FileExtend:240 - Unzip File : updaters.zip
2024-10-31 18:20:28,482 [INFO] FileExtend:255 - Standard Zip Deflate
2024-10-31 18:20:29,021 [INFO] ServerAccessManage:473 - Download File PacksControlFlags.xml
2024-10-31 18:20:29,339 [INFO] ServerAccessManage:473 - Download File cubemx.pidx
2024-10-31 18:20:29,389 [WARN] MainUpdater:1194 - Updater busy. Cannot search thirdparties
2024-10-31 18:20:29,389 [INFO] ThirdPartyUpdaterWithRetryManager:96 - Updater plugin is busy. [1/15]
2024-10-31 18:20:29,428 [INFO] LoadServerUpdatesThread:375 - End of LoadServerUpdate Thread
2024-10-31 18:20:29,617 [INFO] CheckServerUpdateThread:120 - End of CheckServer Thread
2024-10-31 18:20:32,549 [WARN] PackLoader:240 - Cannot read IP mode file for STMicroelectronics.X-CUBE-SMBUS.2.1.0
2024-10-31 18:20:32,565 [WARN] PackLoader:240 - Cannot read IP mode file for STMicroelectronics.X-CUBE-WB05N.1.1.0
2024-10-31 18:20:32,602 [WARN] PackLoader:240 - Cannot read IP mode file for STMicroelectronics.X-CUBE-AZRTOS-F7.1.1.0
2024-10-31 18:20:32,621 [WARN] PackLoader:240 - Cannot read IP mode file for STMicroelectronics.X-CUBE-BLE1.6.2.3
2024-10-31 18:20:32,695 [WARN] PackLoader:240 - Cannot read IP mode file for STMicroelectronics.X-CUBE-MEMS1.11.0.0
2024-10-31 18:20:32,872 [WARN] PackLoader:240 - Cannot read IP mode file for STMicroelectronics.X-CUBE-TOF1.3.1.0
2024-10-31 18:20:32,904 [WARN] PackLoader:240 - Cannot read IP mode file for STMicroelectronics.X-CUBE-NFC10.1.0.0
2024-10-31 18:20:33,003 [WARN] PackLoader:240 - Cannot read IP mode file for STMicroelectronics.X-CUBE-MEMS1.9.3.0
2024-10-31 18:20:33,125 [WARN] PackLoader:240 - Cannot read IP mode file for STMicroelectronics.X-CUBE-AI.7.2.0
2024-10-31 18:20:33,163 [INFO] LogOutputStream:77 - [STDOUT_REDIRECT] 1 : Invalid condition id : UX_CORESTACK_Condition cause : null
2024-10-31 18:20:33,164 [INFO] LogOutputStream:77 - [STDOUT_REDIRECT] 1 : Invalid condition id : UX_CORESTACK_Condition cause : null
2024-10-31 18:20:33,166 [INFO] LogOutputStream:77 - [STDOUT_REDIRECT] 1 : Invalid condition id : UX_CORESTACK_Condition cause : null
2024-10-31 18:20:33,166 [INFO] LogOutputStream:77 - [STDOUT_REDIRECT] 1 : Invalid condition id : UX_CORESTACK_Condition cause : null
2024-10-31 18:20:33,168 [INFO] LogOutputStream:77 - [STDOUT_REDIRECT] 1 : Invalid condition id : UX_CORESTACK_Condition cause : null
2024-10-31 18:20:33,172 [WARN] PackLoader:240 - Cannot read IP mode file for STMicroelectronics.X-CUBE-AZRTOS-WL.2.0.0
2024-10-31 18:20:33,189 [WARN] PackLoader:240 - Cannot read IP mode file for wolfSSL.I-CUBE-wolfMQTT.1.19.0
2024-10-31 18:20:33,211 [WARN] PackLoader:240 - Cannot read IP mode file for WES.I-CUBE-Cesium.1.3.0
2024-10-31 18:20:33,232 [WARN] PackLoader:240 - Cannot read IP mode file for STMicroelectronics.X-CUBE-BLE2.3.3.0
2024-10-31 18:20:33,246 [INFO] WebApp:167 - Instantiating new browser for Auth
2024-10-31 18:20:33,255 [WARN] PackLoader:240 - Cannot read IP mode file for STMicroelectronics.X-CUBE-DISPLAY.2.2.0
2024-10-31 18:20:33,288 [WARN] PackLoader:240 - Cannot read IP mode file for STMicroelectronics.X-CUBE-ISPU.1.0.0
2024-10-31 18:20:33,314 [WARN] PackLoader:240 - Cannot read IP mode file for STMicroelectronics.X-CUBE-NFC9.1.0.0
2024-10-31 18:20:33,355 [WARN] PackLoader:240 - Cannot read IP mode file for STMicroelectronics.X-CUBE-AZRTOS-H7.2.1.0
2024-10-31 18:20:33,384 [WARN] PackLoader:240 - Cannot read IP mode file for STMicroelectronics.X-CUBE-TCPP.4.1.0
2024-10-31 18:20:33,464 [WARN] PackLoader:240 - Cannot read IP mode file for STMicroelectronics.X-CUBE-MEMS1.9.4.0
2024-10-31 18:20:33,617 [WARN] PackLoader:240 - Cannot read IP mode file for STMicroelectronics.X-CUBE-AI.7.3.0
2024-10-31 18:20:33,635 [WARN] PackLoader:240 - Cannot read IP mode file for STMicroelectronics.X-CUBE-ALGOBUILD.1.3.0
2024-10-31 18:20:33,661 [WARN] PackLoader:240 - Cannot read IP mode file for STMicroelectronics.X-CUBE-AZRTOS-G0.1.1.0
2024-10-31 18:20:33,679 [WARN] PackLoader:240 - Cannot read IP mode file for STMicroelectronics.X-CUBE-SAFEA1.1.2.2
2024-10-31 18:20:33,694 [WARN] PackLoader:240 - Cannot read IP mode file for STMicroelectronics.X-CUBE-NFC4.3.0.0
2024-10-31 18:20:33,740 [WARN] PackLoader:240 - Cannot read IP mode file for SEGGER.I-CUBE-embOS.1.2.0
2024-10-31 18:20:33,795 [WARN] PackLoader:240 - Cannot read IP mode file for EmbeddedOffice.I-CUBE-FS-RTOS.1.0.1
2024-10-31 18:20:33,795 [ERROR] ConditionMgr:805 - Attr not supported : Dmpu
2024-10-31 18:20:33,796 [ERROR] ConditionMgr:805 - Attr not supported : Dmpu
2024-10-31 18:20:33,796 [ERROR] ConditionMgr:805 - Attr not supported : Dmpu
2024-10-31 18:20:33,796 [ERROR] ConditionMgr:805 - Attr not supported : Dmpu
2024-10-31 18:20:33,796 [ERROR] ConditionMgr:805 - Attr not supported : Dmpu
2024-10-31 18:20:33,796 [ERROR] ConditionMgr:805 - Attr not supported : Dmpu
2024-10-31 18:20:33,796 [ERROR] ConditionMgr:805 - Attr not supported : Dmpu
2024-10-31 18:20:33,796 [ERROR] ConditionMgr:805 - Attr not supported : Dmpu
2024-10-31 18:20:33,796 [ERROR] ConditionMgr:805 - Attr not supported : Dmpu
2024-10-31 18:20:33,796 [ERROR] ConditionMgr:805 - Attr not supported : Dmpu
2024-10-31 18:20:33,796 [ERROR] ConditionMgr:805 - Attr not supported : Dmpu
2024-10-31 18:20:33,796 [ERROR] ConditionMgr:805 - Attr not supported : Dmpu
2024-10-31 18:20:33,796 [ERROR] ConditionMgr:805 - Attr not supported : Dmpu
2024-10-31 18:20:33,796 [ERROR] ConditionMgr:805 - Attr not supported : Dmpu
2024-10-31 18:20:33,796 [ERROR] ConditionMgr:805 - Attr not supported : Dmpu
2024-10-31 18:20:33,796 [ERROR] ConditionMgr:805 - Attr not supported : Dmpu
2024-10-31 18:20:33,796 [ERROR] ConditionMgr:805 - Attr not supported : Dmpu
2024-10-31 18:20:33,797 [ERROR] ConditionMgr:805 - Attr not supported : Dmpu
2024-10-31 18:20:33,797 [ERROR] ConditionMgr:805 - Attr not supported : Dmpu
2024-10-31 18:20:33,797 [ERROR] ConditionMgr:805 - Attr not supported : Dmpu
2024-10-31 18:20:33,797 [ERROR] ConditionMgr:805 - Attr not supported : Dmpu
2024-10-31 18:20:33,797 [ERROR] ConditionMgr:805 - Attr not supported : Dmpu
2024-10-31 18:20:33,797 [ERROR] ConditionMgr:805 - Attr not supported : Dmpu
2024-10-31 18:20:33,797 [ERROR] ConditionMgr:805 - Attr not supported : Dmpu
2024-10-31 18:20:33,797 [ERROR] ConditionMgr:805 - Attr not supported : Dmpu
2024-10-31 18:20:33,797 [ERROR] ConditionMgr:805 - Attr not supported : Dmpu
2024-10-31 18:20:33,797 [ERROR] ConditionMgr:805 - Attr not supported : Dmpu
2024-10-31 18:20:33,797 [ERROR] ConditionMgr:805 - Attr not supported : Dmpu
2024-10-31 18:20:33,797 [ERROR] ConditionMgr:805 - Attr not supported : Dmpu
2024-10-31 18:20:33,797 [ERROR] ConditionMgr:805 - Attr not supported : Dmpu
2024-10-31 18:20:33,797 [ERROR] ConditionMgr:805 - Attr not supported : Dmpu
2024-10-31 18:20:33,797 [ERROR] ConditionMgr:805 - Attr not supported : Dmpu
2024-10-31 18:20:33,797 [ERROR] ConditionMgr:805 - Attr not supported : Dmpu
2024-10-31 18:20:33,797 [ERROR] ConditionMgr:805 - Attr not supported : Dmpu
2024-10-31 18:20:33,797 [ERROR] ConditionMgr:805 - Attr not supported : Dmpu
2024-10-31 18:20:33,797 [ERROR] ConditionMgr:805 - Attr not supported : Dmpu
2024-10-31 18:20:33,797 [ERROR] ConditionMgr:805 - Attr not supported : Dmpu
2024-10-31 18:20:33,797 [ERROR] ConditionMgr:805 - Attr not supported : Dmpu
2024-10-31 18:20:33,798 [ERROR] ConditionMgr:805 - Attr not supported : Dmpu
2024-10-31 18:20:33,798 [ERROR] ConditionMgr:805 - Attr not supported : Dmpu
2024-10-31 18:20:33,798 [ERROR] ConditionMgr:805 - Attr not supported : Dmpu
2024-10-31 18:20:33,798 [ERROR] ConditionMgr:805 - Attr not supported : Dmpu
2024-10-31 18:20:33,798 [ERROR] ConditionMgr:805 - Attr not supported : Dmpu
2024-10-31 18:20:33,798 [ERROR] ConditionMgr:805 - Attr not supported : Dmpu
2024-10-31 18:20:33,798 [ERROR] ConditionMgr:805 - Attr not supported : Dmpu
2024-10-31 18:20:33,798 [ERROR] ConditionMgr:805 - Attr not supported : Dmpu
2024-10-31 18:20:33,798 [ERROR] ConditionMgr:805 - Attr not supported : Dmpu
2024-10-31 18:20:33,798 [ERROR] ConditionMgr:805 - Attr not supported : Dmpu
2024-10-31 18:20:33,798 [ERROR] ConditionMgr:805 - Attr not supported : Dmpu
2024-10-31 18:20:33,798 [ERROR] ConditionMgr:805 - Attr not supported : Dmpu
2024-10-31 18:20:33,798 [ERROR] ConditionMgr:805 - Attr not supported : Dmpu
2024-10-31 18:20:33,798 [ERROR] ConditionMgr:805 - Attr not supported : Dmpu
2024-10-31 18:20:33,798 [ERROR] ConditionMgr:805 - Attr not supported : Dmpu
2024-10-31 18:20:33,798 [ERROR] ConditionMgr:805 - Attr not supported : Dmpu
2024-10-31 18:20:33,798 [ERROR] ConditionMgr:805 - Attr not supported : Dmpu
2024-10-31 18:20:33,798 [ERROR] ConditionMgr:805 - Attr not supported : Dmpu
2024-10-31 18:20:33,798 [ERROR] ConditionMgr:805 - Attr not supported : Dmpu
2024-10-31 18:20:33,798 [ERROR] ConditionMgr:805 - Attr not supported : Dmpu
2024-10-31 18:20:33,798 [ERROR] ConditionMgr:805 - Attr not supported : Dmpu
2024-10-31 18:20:33,798 [ERROR] ConditionMgr:805 - Attr not supported : Dmpu
2024-10-31 18:20:33,798 [ERROR] ConditionMgr:805 - Attr not supported : Dmpu
2024-10-31 18:20:33,798 [ERROR] ConditionMgr:805 - Attr not supported : Dmpu
2024-10-31 18:20:33,798 [ERROR] ConditionMgr:805 - Attr not supported : Dmpu
2024-10-31 18:20:33,799 [ERROR] ConditionMgr:805 - Attr not supported : Dmpu
2024-10-31 18:20:33,813 [WARN] PackLoader:240 - Cannot read IP mode file for RealThread.X-CUBE-RT-Thread_Nano.4.1.1
2024-10-31 18:20:33,835 [WARN] PackLoader:240 - Cannot read IP mode file for emotas.I-CUBE-CANOPEN.1.1.2
2024-10-31 18:20:33,855 [WARN] PackLoader:240 - Cannot read IP mode file for STMicroelectronics.X-CUBE-TOUCHGFX.4.20.0
2024-10-31 18:20:33,874 [WARN] PackLoader:240 - Cannot read IP mode file for ITTIA_DB.I-CUBE-ITTIADB.8.9.0
2024-10-31 18:20:33,919 [WARN] PackLoader:240 - Cannot read IP mode file for SEGGER.I-CUBE-embOS.1.3.1
2024-10-31 18:20:33,973 [WARN] PackLoader:240 - Cannot read IP mode file for STMicroelectronics.X-CUBE-ALGOBUILD.1.4.0
2024-10-31 18:20:33,996 [WARN] PackLoader:240 - Cannot read IP mode file for STMicroelectronics.X-CUBE-AI.9.1.0
2024-10-31 18:20:34,011 [WARN] PackLoader:240 - Cannot read IP mode file for STMicroelectronics.X-CUBE-GNSS1.6.0.0
2024-10-31 18:20:34,038 [WARN] PackLoader:240 - Cannot read IP mode file for STMicroelectronics.X-CUBE-AZRTOS-F4.1.1.0
2024-10-31 18:20:34,056 [WARN] PackLoader:240 - Cannot read IP mode file for STMicroelectronics.X-CUBE-ISPU.2.1.0
2024-10-31 18:20:34,082 [WARN] PackLoader:240 - Cannot read IP mode file for STMicroelectronics.X-CUBE-AZRTOS-L5.2.0.0
2024-10-31 18:20:34,106 [WARN] PackLoader:240 - Cannot read IP mode file for STMicroelectronics.X-CUBE-NFC6.3.1.0
2024-10-31 18:20:34,131 [WARN] PackLoader:240 - Cannot read IP mode file for STMicroelectronics.X-CUBE-NFC4.2.0.5
2024-10-31 18:20:34,148 [WARN] PackLoader:240 - Cannot read IP mode file for STMicroelectronics.X-CUBE-NFC4.2.0.4
2024-10-31 18:20:34,171 [WARN] PackLoader:240 - Cannot read IP mode file for STMicroelectronics.X-CUBE-AI.9.0.0
2024-10-31 18:20:34,184 [WARN] PackLoader:240 - Cannot read IP mode file for wolfSSL.I-CUBE-wolfSSL.5.5.0
2024-10-31 18:20:34,197 [WARN] PackLoader:240 - Cannot read IP mode file for STMicroelectronics.X-CUBE-NFC7.1.0.1
2024-10-31 18:20:34,221 [WARN] PackLoader:240 - Cannot read IP mode file for STMicroelectronics.X-CUBE-NFC7.1.0.0
2024-10-31 18:20:34,259 [WARN] ConditionMgr:438 - getConditionDescription Invalid condition id : LAN8742 Phy interface Condition cause : null
2024-10-31 18:20:34,260 [WARN] PackLoader:240 - Cannot read IP mode file for STMicroelectronics.X-CUBE-AZRTOS-L4.2.0.0
2024-10-31 18:20:34,261 [WARN] ConditionMgr:1039 - genDependencies : Invalid condition id : LAN8742 Phy interface Condition cause : null
2024-10-31 18:20:34,262 [WARN] ConditionMgr:1039 - genDependencies : Invalid condition id : LAN8742 Phy interface Condition cause : null
2024-10-31 18:20:34,262 [WARN] ConditionMgr:1039 - genDependencies : Invalid condition id : LAN8742 Phy interface Condition cause : null
2024-10-31 18:20:34,272 [INFO] WebApp:448 - Apply proxy settings
2024-10-31 18:20:34,273 [INFO] WebApp:533 - Chromium requires no authentication
2024-10-31 18:20:34,288 [WARN] PackLoader:240 - Cannot read IP mode file for STMicroelectronics.X-CUBE-SFXS2LP1.4.0.0
2024-10-31 18:20:34,290 [INFO] WebApp:476 - Direct internet connection detected
2024-10-31 18:20:34,311 [WARN] PackLoader:240 - Cannot read IP mode file for STMicroelectronics.X-CUBE-ISPU.1.1.0
2024-10-31 18:20:34,325 [INFO] WebApp:869 - Register for checkConnection events
2024-10-31 18:20:34,325 [INFO] WebApp:448 - Apply proxy settings
2024-10-31 18:20:34,325 [INFO] WebApp:533 - Chromium requires no authentication
2024-10-31 18:20:34,326 [INFO] WebApp:476 - Direct internet connection detected
2024-10-31 18:20:34,344 [WARN] PackLoader:240 - Cannot read IP mode file for STMicroelectronics.X-CUBE-AZRTOS-H7.3.3.0
2024-10-31 18:20:34,369 [WARN] PackLoader:240 - Cannot read IP mode file for RoweBots.I-CUBE-UNISONRTOS.5.5.0-4
2024-10-31 18:20:34,382 [WARN] PackLoader:240 - Cannot read IP mode file for STMicroelectronics.X-CUBE-IPS.3.0.0
2024-10-31 18:20:34,406 [WARN] ConditionMgr:438 - getConditionDescription Invalid condition id : UX DEVICE CLASS RTOS Condition cause : null
2024-10-31 18:20:34,406 [WARN] ConditionMgr:438 - getConditionDescription Invalid condition id : UX DEVICE CLASS RTOS Condition cause : null
2024-10-31 18:20:34,407 [WARN] PackLoader:240 - Cannot read IP mode file for STMicroelectronics.X-CUBE-AZRTOS-WB.2.0.0
2024-10-31 18:20:34,407 [WARN] ConditionMgr:1039 - genDependencies : Invalid condition id : UX DEVICE CLASS RTOS Condition cause : null
2024-10-31 18:20:34,407 [WARN] ConditionMgr:1039 - genDependencies : Invalid condition id : UX DEVICE CLASS RTOS Condition cause : null
2024-10-31 18:20:34,407 [WARN] ConditionMgr:1039 - genDependencies : Invalid condition id : UX DEVICE CLASS RTOS Condition cause : null
2024-10-31 18:20:34,408 [WARN] ConditionMgr:1039 - genDependencies : Invalid condition id : UX DEVICE CLASS RTOS Condition cause : null
2024-10-31 18:20:34,408 [WARN] ConditionMgr:1039 - genDependencies : Invalid condition id : UX DEVICE CLASS RTOS Condition cause : null
2024-10-31 18:20:34,425 [WARN] PackLoader:240 - Cannot read IP mode file for STMicroelectronics.X-CUBE-BLEMGR.1.0.0
2024-10-31 18:20:34,445 [WARN] PackLoader:240 - Cannot read IP mode file for STMicroelectronics.X-CUBE-SUBG2.5.0.0
2024-10-31 18:20:34,460 [WARN] PackLoader:240 - Cannot read IP mode file for Cesanta.I-CUBE-Mongoose.7.13.0
2024-10-31 18:20:34,481 [WARN] PackLoader:240 - Cannot read IP mode file for STMicroelectronics.X-CUBE-AZRTOS-G4.2.0.0
2024-10-31 18:20:34,493 [WARN] PackLoader:240 - Cannot read IP mode file for STMicroelectronics.FP-ATR-ASTRA1.1.1.1
2024-10-31 18:20:34,510 [WARN] PackLoader:240 - Cannot read IP mode file for STMicroelectronics.X-CUBE-AZRTOS-G4.1.0.0
2024-10-31 18:20:34,530 [WARN] PackLoader:240 - Cannot read IP mode file for STMicroelectronics.X-CUBE-AZRTOS-L4.1.0.0
2024-10-31 18:20:34,539 [INFO] WebApp:220 - Starting web application
2024-10-31 18:20:34,539 [INFO] WebApp:578 - Web application path used C:\STM32CubeIDE_1.10.1\STM32CubeIDE\plugins\com.st.stm32cube.common.mx_6.12.1.202409122256\db\plugins\mcufinder\reactClient1\index.html
2024-10-31 18:20:34,551 [WARN] PackLoader:240 - Cannot read IP mode file for STMicroelectronics.X-CUBE-AZRTOS-WL.1.0.0
2024-10-31 18:20:34,562 [WARN] PackLoader:240 - Cannot read IP mode file for STMicroelectronics.X-CUBE-TOUCHGFX.4.24.1
2024-10-31 18:20:34,577 [WARN] PackLoader:240 - Cannot read IP mode file for wolfSSL.I-CUBE-wolfTPM.3.4.0
2024-10-31 18:20:34,589 [WARN] PackLoader:240 - Cannot read IP mode file for portGmbH.I-Cube-SoM-uGOAL.1.1.0
2024-10-31 18:20:34,604 [WARN] PackLoader:240 - Cannot read IP mode file for STMicroelectronics.X-CUBE-ALS.1.0.1
2024-10-31 18:20:34,627 [WARN] PackLoader:240 - Cannot read IP mode file for STMicroelectronics.X-CUBE-AZRTOS-L5.1.0.0
2024-10-31 18:20:34,641 [WARN] PackLoader:240 - Cannot read IP mode file for STMicroelectronics.X-CUBE-EEPRMA1.3.1.1
2024-10-31 18:20:34,662 [WARN] PackLoader:240 - Cannot read IP mode file for STMicroelectronics.X-CUBE-AZRTOS-H7RS.1.0.0
2024-10-31 18:20:34,682 [WARN] PackLoader:240 - Cannot read IP mode file for STMicroelectronics.X-CUBE-TOF1.3.4.2
2024-10-31 18:20:34,717 [INFO] WebApp:186 - Connection restablished
2024-10-31 18:20:34,729 [WARN] PackLoader:240 - Cannot read IP mode file for Infineon.AIROC-Wi-Fi-Bluetooth-STM32.1.6.1
2024-10-31 18:20:34,754 [WARN] PackLoader:240 - Cannot read IP mode file for wolfSSL.I-CUBE-wolfSSH.1.4.17
2024-10-31 18:20:34,754 [INFO] ThirdParty:978 - Integrity check success = true
2024-10-31 18:20:34,755 [INFO] IntegrityCheckThread:100 - exiting critical section [integrity check]
2024-10-31 18:20:34,755 [INFO] IntegrityCheckThread:103 - End integrity checks thread
2024-10-31 23:52:01,331 [INFO] WebApp:388 - JxBrowser engine has been closed 
2024-10-31 23:52:02,447 [ERROR] LogOutputStream:75 - [STDERR_REDIRECT] 
