2024-12-05 09:54:30,179 [INFO] Activator:176 - 


2024-12-05 09:54:30,185 [INFO] Activator:177 - !SESSION log4j initialized
2024-12-05 09:54:34,688 [INFO] LogOutputStream:77 - [STDOUT_REDIRECT] 
2024-12-05 09:54:37,342 [INFO] ApplicationProperties:184 - Using Application install path: C:\STM32CubeIDE_1.10.1\STM32CubeIDE\plugins\com.st.stm32cube.common.mx_6.12.1.202409122256
2024-12-05 09:54:37,357 [INFO] DbMcusXml:78 - Set database path to: C:\STM32CubeIDE_1.10.1\STM32CubeIDE\plugins\com.st.stm32cube.common.mx_6.12.1.202409122256\\db\/mcu/
2024-12-05 09:54:37,358 [INFO] ApiDb:274 - Set plugin database path to: C:\STM32CubeIDE_1.10.1\STM32CubeIDE\plugins\com.st.stm32cube.common.mx_6.12.1.202409122256\\db\/plugins/boardmanager/
2024-12-05 09:54:37,358 [WARN] ApiDb:259 - Overriding images path with different value:  => C:\STM32CubeIDE_1.10.1\STM32CubeIDE\plugins\com.st.stm32cube.common.mx_6.12.1.202409122256\\db\/plugins/mcufinder/images/
2024-12-05 09:54:37,365 [INFO] ApiDb:250 - Set database path to: C:\Users\matan\.stmcufinder\plugins\mcufinder//mcu/
2024-12-05 09:54:37,365 [INFO] DbMcusAds:125 - Set database path to: C:\Users\matan\.stmcufinder\plugins\mcufinder//mcu/
2024-12-05 09:54:37,367 [INFO] CrossReferenceDbSqlite:203 - Set database path to: C:\Users\matan\.stmcufinder\plugins\mcufinder//mcu/cs/
2024-12-05 09:54:37,463 [INFO] RulesReader:64 - Compatibility file has been processed (297 Rules)
2024-12-05 09:54:37,519 [INFO] DbMcusXml:78 - Set database path to: C:\STM32CubeIDE_1.10.1\STM32CubeIDE\plugins\com.st.stm32cube.common.mx_6.12.1.202409122256\\db\/mcu/
2024-12-05 09:54:37,519 [INFO] ApiDb:274 - Set plugin database path to: C:\STM32CubeIDE_1.10.1\STM32CubeIDE\plugins\com.st.stm32cube.common.mx_6.12.1.202409122256\\db\/plugins/boardmanager/
2024-12-05 09:54:37,519 [INFO] ApiDb:261 - Set plugin images path to: C:\STM32CubeIDE_1.10.1\STM32CubeIDE\plugins\com.st.stm32cube.common.mx_6.12.1.202409122256\\db\/plugins/mcufinder/images/
2024-12-05 09:54:37,520 [WARN] DbFile:41 - Overriding database path with different value: C:\Users\matan\.stmcufinder\plugins\mcufinder/ => C:\Users\matan\.stmcufinder\plugins\mcufinder
2024-12-05 09:54:37,520 [INFO] ApiDb:250 - Set database path to: C:\Users\matan\.stmcufinder\plugins\mcufinder//mcu/
2024-12-05 09:54:37,520 [WARN] DbFile:41 - Overriding database path with different value: C:\Users\matan\.stmcufinder\plugins\mcufinder/ => C:\Users\matan\.stmcufinder\plugins\mcufinder
2024-12-05 09:54:37,520 [INFO] DbMcusAds:125 - Set database path to: C:\Users\matan\.stmcufinder\plugins\mcufinder//mcu/
2024-12-05 09:54:37,520 [WARN] DbFile:41 - Overriding database path with different value: C:\Users\matan\.stmcufinder\plugins\mcufinder/ => C:\Users\matan\.stmcufinder\plugins\mcufinder
2024-12-05 09:54:37,520 [WARN] DbFile:41 - Overriding database path with different value: C:\Users\matan\.stmcufinder\plugins\mcufinder/ => C:\Users\matan\.stmcufinder\plugins\mcufinder
2024-12-05 09:54:37,520 [INFO] CrossReferenceDbSqlite:203 - Set database path to: C:\Users\matan\.stmcufinder\plugins\mcufinder//mcu/cs/
2024-12-05 09:54:37,576 [INFO] MainPanel:268 - HeapMemory: 268435456
2024-12-05 09:54:37,678 [INFO] DbMcusXml:78 - Set database path to: C:\STM32CubeIDE_1.10.1\STM32CubeIDE\plugins\com.st.stm32cube.common.mx_6.12.1.202409122256\\db\/mcu/
2024-12-05 09:54:37,678 [INFO] ApiDb:274 - Set plugin database path to: C:\STM32CubeIDE_1.10.1\STM32CubeIDE\plugins\com.st.stm32cube.common.mx_6.12.1.202409122256\\db\/plugins/boardmanager/
2024-12-05 09:54:37,678 [INFO] ApiDb:261 - Set plugin images path to: C:\STM32CubeIDE_1.10.1\STM32CubeIDE\plugins\com.st.stm32cube.common.mx_6.12.1.202409122256\\db\/plugins/mcufinder/images/
2024-12-05 09:54:37,678 [WARN] DbFile:41 - Overriding database path with different value: C:\Users\matan\.stmcufinder\plugins\mcufinder/ => C:\Users\matan\.stmcufinder\plugins\mcufinder
2024-12-05 09:54:37,678 [INFO] ApiDb:250 - Set database path to: C:\Users\matan\.stmcufinder\plugins\mcufinder//mcu/
2024-12-05 09:54:37,678 [WARN] DbFile:41 - Overriding database path with different value: C:\Users\matan\.stmcufinder\plugins\mcufinder/ => C:\Users\matan\.stmcufinder\plugins\mcufinder
2024-12-05 09:54:37,678 [INFO] DbMcusAds:125 - Set database path to: C:\Users\matan\.stmcufinder\plugins\mcufinder//mcu/
2024-12-05 09:54:37,678 [WARN] DbFile:41 - Overriding database path with different value: C:\Users\matan\.stmcufinder\plugins\mcufinder/ => C:\Users\matan\.stmcufinder\plugins\mcufinder
2024-12-05 09:54:37,678 [WARN] DbFile:41 - Overriding database path with different value: C:\Users\matan\.stmcufinder\plugins\mcufinder/ => C:\Users\matan\.stmcufinder\plugins\mcufinder
2024-12-05 09:54:37,678 [INFO] CrossReferenceDbSqlite:203 - Set database path to: C:\Users\matan\.stmcufinder\plugins\mcufinder//mcu/cs/
2024-12-05 09:54:37,691 [INFO] ApplicationProperties:184 - Using Application install path: C:\STM32CubeIDE_1.10.1\STM32CubeIDE\plugins\com.st.stm32cube.common.mx_6.12.1.202409122256
2024-12-05 09:54:37,693 [INFO] PluginManage:196 - Search for loadable plugins [exclusion list=, ]
2024-12-05 09:54:37,693 [INFO] PluginManage:310 - Check plugin analytics
2024-12-05 09:54:37,831 [INFO] AnalyticsPlugin:253 - Accepted Software Licenses: 
2024-12-05 09:54:37,831 [INFO] AnalyticsPlugin:255 - Accepted CMSIS Pack Licenses: 
2024-12-05 09:54:37,831 [INFO] AnalyticsPlugin:257 - Accepted Firmware Licenses: 
2024-12-05 09:54:37,833 [INFO] PluginManage:359 - Loaded plugin analytics (category:tool,tabindex:-1)
2024-12-05 09:54:37,833 [INFO] PluginManage:310 - Check plugin cadmodel
2024-12-05 09:54:37,851 [INFO] CADModel:105 - Init CAD model plugin
2024-12-05 09:54:37,851 [INFO] PluginManage:359 - Loaded plugin cadmodel (category:power,tabindex:5)
2024-12-05 09:54:37,851 [INFO] PluginManage:310 - Check plugin clock
2024-12-05 09:54:37,874 [INFO] PluginManage:359 - Loaded plugin clock (category:base,tabindex:2)
2024-12-05 09:54:37,874 [INFO] PluginManage:310 - Check plugin ddr
2024-12-05 09:54:37,877 [INFO] PluginManage:359 - Loaded plugin ddr (category:tool,tabindex:6)
2024-12-05 09:54:37,877 [INFO] PluginManage:310 - Check plugin filemanager
2024-12-05 09:54:38,004 [INFO] PluginManage:359 - Loaded plugin filemanager (category:base,tabindex:10)
2024-12-05 09:54:38,004 [INFO] PluginManage:310 - Check plugin ipmanager
2024-12-05 09:54:38,010 [INFO] PluginManage:359 - Loaded plugin ipmanager (category:base,tabindex:5)
2024-12-05 09:54:38,010 [INFO] PluginManage:310 - Check plugin lpbam
2024-12-05 09:54:38,027 [INFO] PluginManage:359 - Loaded plugin lpbam (category:base,tabindex:0)
2024-12-05 09:54:38,027 [INFO] PluginManage:310 - Check plugin memorymap
2024-12-05 09:54:38,045 [INFO] PluginManage:359 - Loaded plugin memorymap (category:base,tabindex:4)
2024-12-05 09:54:38,045 [INFO] PluginManage:310 - Check plugin pinoutandconfiguration
2024-12-05 09:54:38,059 [INFO] PluginManage:359 - Loaded plugin pinoutandconfiguration (category:base,tabindex:1)
2024-12-05 09:54:38,059 [INFO] PluginManage:310 - Check plugin pinoutconfig
2024-12-05 09:54:38,131 [WARN] SupportedApi:132 - Cannot load RTOS API schema: s4s-elt-must-match.1: The content of 'definitions' must match (annotation?, (simpleType | complexType)?, (unique | key | keyref)*)). A problem was found starting at: attribute.
2024-12-05 09:54:38,230 [INFO] PluginManage:359 - Loaded plugin pinoutconfig (category:base,tabindex:0)
2024-12-05 09:54:38,230 [INFO] PluginManage:310 - Check plugin power
2024-12-05 09:54:38,247 [INFO] PluginManage:359 - Loaded plugin power (category:power,tabindex:4)
2024-12-05 09:54:38,247 [INFO] PluginManage:310 - Check plugin projectmanager
2024-12-05 09:54:38,258 [INFO] PluginManage:359 - Loaded plugin projectmanager (category:projectmanager,tabindex:4)
2024-12-05 09:54:38,258 [INFO] PluginManage:310 - Check plugin rif
2024-12-05 09:54:38,273 [INFO] PluginManage:359 - Loaded plugin rif (category:base,tabindex:3)
2024-12-05 09:54:38,273 [INFO] PluginManage:310 - Check plugin thirdparty
2024-12-05 09:54:38,489 [INFO] PluginManage:359 - Loaded plugin thirdparty (category:base,tabindex:-1)
2024-12-05 09:54:38,489 [WARN] IntegrityCheckThread:84 - waiting for thirdparty lock release [integrity check]
2024-12-05 09:54:38,489 [INFO] PluginManage:310 - Check plugin tools
2024-12-05 09:54:38,489 [INFO] IntegrityCheckThread:86 - entering critical section [integrity check]
2024-12-05 09:54:38,489 [INFO] ThirdPartyUpdaterWithRetryManager:70 - Updater plugin not ready yet. [1/15]
2024-12-05 09:54:38,518 [INFO] PluginManage:359 - Loaded plugin tools (category:base,tabindex:7)
2024-12-05 09:54:38,518 [INFO] PluginManage:310 - Check plugin tutovideos
2024-12-05 09:54:38,657 [INFO] PluginManage:359 - Loaded plugin tutovideos (category:base,tabindex:-1)
2024-12-05 09:54:38,658 [INFO] PluginManage:310 - Check plugin updater
2024-12-05 09:54:38,669 [INFO] PluginManage:359 - Loaded plugin updater (category:base,tabindex:12)
2024-12-05 09:54:38,670 [INFO] PluginManage:310 - Check plugin userauth
2024-12-05 09:54:38,676 [INFO] UserAuth:113 - Init User Auth plugin
2024-12-05 09:54:38,676 [INFO] PluginManage:359 - Loaded plugin userauth (category:base,tabindex:14)
2024-12-05 09:54:38,677 [INFO] PluginManage:283 - PluginManage : Loaded plugins [18]
2024-12-05 09:54:38,823 [INFO] PinOutPanel:1561 - setPackage(No Configuration,No Configuration)
2024-12-05 09:54:38,880 [INFO] CADModel:165 - CPN selected for project level
2024-12-05 09:54:38,880 [INFO] CADModel:114 - Register for checkConnection events
2024-12-05 09:54:38,904 [INFO] IPUIPlugin:80 - create IPUIPlugin
2024-12-05 09:54:38,904 [INFO] PluginManager:220 - loadIPPluginJar : add adc
2024-12-05 09:54:38,935 [INFO] IPUIPlugin:80 - create IPUIPlugin
2024-12-05 09:54:38,935 [INFO] PluginManager:220 - loadIPPluginJar : add aes
2024-12-05 09:54:38,968 [INFO] IPUIPlugin:80 - create IPUIPlugin
2024-12-05 09:54:38,969 [INFO] PluginManager:220 - loadIPPluginJar : add can
2024-12-05 09:54:38,990 [INFO] IPUIPlugin:80 - create IPUIPlugin
2024-12-05 09:54:38,990 [INFO] PluginManager:220 - loadIPPluginJar : add comp
2024-12-05 09:54:39,017 [INFO] IPUIPlugin:80 - create IPUIPlugin
2024-12-05 09:54:39,017 [INFO] PluginManager:220 - loadIPPluginJar : add cryp
2024-12-05 09:54:39,027 [INFO] IPUIPlugin:80 - create IPUIPlugin
2024-12-05 09:54:39,028 [INFO] PluginManager:220 - loadIPPluginJar : add ddr_ctrl_phy
2024-12-05 09:54:39,051 [INFO] IPUIPlugin:80 - create IPUIPlugin
2024-12-05 09:54:39,051 [INFO] PluginManager:220 - loadIPPluginJar : add dfsdm
2024-12-05 09:54:39,062 [INFO] IPUIPlugin:80 - create IPUIPlugin
2024-12-05 09:54:39,063 [INFO] PluginManager:220 - loadIPPluginJar : add dma
2024-12-05 09:54:39,098 [INFO] IPUIPlugin:80 - create IPUIPlugin
2024-12-05 09:54:39,098 [INFO] PluginManager:220 - loadIPPluginJar : add dma3
2024-12-05 09:54:39,132 [INFO] IPUIPlugin:80 - create IPUIPlugin
2024-12-05 09:54:39,133 [INFO] PluginManager:220 - loadIPPluginJar : add extmemmanager
2024-12-05 09:54:39,148 [INFO] IPUIPlugin:80 - create IPUIPlugin
2024-12-05 09:54:39,148 [INFO] PluginManager:220 - loadIPPluginJar : add fatfs
2024-12-05 09:54:39,187 [INFO] IPUIPlugin:80 - create IPUIPlugin
2024-12-05 09:54:39,187 [INFO] PluginManager:220 - loadIPPluginJar : add fmc
2024-12-05 09:54:39,201 [INFO] IPUIPlugin:80 - create IPUIPlugin
2024-12-05 09:54:39,201 [INFO] PluginManager:220 - loadIPPluginJar : add freertos
2024-12-05 09:54:39,219 [INFO] IPUIPlugin:80 - create IPUIPlugin
2024-12-05 09:54:39,219 [INFO] PluginManager:220 - loadIPPluginJar : add genericplugin
2024-12-05 09:54:39,292 [INFO] IPUIPlugin:80 - create IPUIPlugin
2024-12-05 09:54:39,292 [INFO] PluginManager:220 - loadIPPluginJar : add gfxmmu
2024-12-05 09:54:39,391 [INFO] IPUIPlugin:80 - create IPUIPlugin
2024-12-05 09:54:39,393 [INFO] PluginManager:220 - loadIPPluginJar : add gic
2024-12-05 09:54:39,404 [INFO] IPUIPlugin:80 - create IPUIPlugin
2024-12-05 09:54:39,404 [INFO] PluginManager:220 - loadIPPluginJar : add gpio
2024-12-05 09:54:39,475 [INFO] IPUIPlugin:80 - create IPUIPlugin
2024-12-05 09:54:39,475 [INFO] PluginManager:220 - loadIPPluginJar : add gtzc
2024-12-05 09:54:39,501 [INFO] IPUIPlugin:80 - create IPUIPlugin
2024-12-05 09:54:39,501 [INFO] PluginManager:220 - loadIPPluginJar : add hash
2024-12-05 09:54:39,542 [INFO] IPUIPlugin:80 - create IPUIPlugin
2024-12-05 09:54:39,542 [INFO] PluginManager:220 - loadIPPluginJar : add i2c
2024-12-05 09:54:39,574 [INFO] IPUIPlugin:80 - create IPUIPlugin
2024-12-05 09:54:39,574 [INFO] PluginManager:220 - loadIPPluginJar : add i2s
2024-12-05 09:54:39,607 [INFO] IPUIPlugin:80 - create IPUIPlugin
2024-12-05 09:54:39,607 [INFO] PluginManager:220 - loadIPPluginJar : add i3c
2024-12-05 09:54:39,690 [INFO] IPUIPlugin:80 - create IPUIPlugin
2024-12-05 09:54:39,691 [INFO] PluginManager:220 - loadIPPluginJar : add ipddr
2024-12-05 09:54:39,762 [INFO] IPUIPlugin:80 - create IPUIPlugin
2024-12-05 09:54:39,762 [INFO] PluginManager:220 - loadIPPluginJar : add linkedlist
2024-12-05 09:54:39,793 [INFO] IPUIPlugin:80 - create IPUIPlugin
2024-12-05 09:54:39,793 [INFO] PluginManager:220 - loadIPPluginJar : add lorawan
2024-12-05 09:54:39,825 [INFO] IPUIPlugin:80 - create IPUIPlugin
2024-12-05 09:54:39,825 [INFO] PluginManager:220 - loadIPPluginJar : add ltdc
2024-12-05 09:54:39,838 [INFO] IPUIPlugin:80 - create IPUIPlugin
2024-12-05 09:54:39,838 [INFO] PluginManager:220 - loadIPPluginJar : add mdma
2024-12-05 09:54:39,847 [INFO] IPUIPlugin:80 - create IPUIPlugin
2024-12-05 09:54:39,847 [INFO] PluginManager:220 - loadIPPluginJar : add nvic
2024-12-05 09:54:39,879 [INFO] IPUIPlugin:80 - create IPUIPlugin
2024-12-05 09:54:39,879 [INFO] PluginManager:220 - loadIPPluginJar : add opamp
2024-12-05 09:54:39,929 [INFO] IPUIPlugin:80 - create IPUIPlugin
2024-12-05 09:54:39,929 [INFO] PluginManager:220 - loadIPPluginJar : add openamp
2024-12-05 09:54:39,964 [INFO] IPUIPlugin:80 - create IPUIPlugin
2024-12-05 09:54:39,964 [INFO] PluginManager:220 - loadIPPluginJar : add pdm2pcm
2024-12-05 09:54:39,976 [INFO] IPUIPlugin:80 - create IPUIPlugin
2024-12-05 09:54:39,978 [INFO] PluginManager:220 - loadIPPluginJar : add plateformsettings
2024-12-05 09:54:40,004 [INFO] IPUIPlugin:80 - create IPUIPlugin
2024-12-05 09:54:40,004 [INFO] PluginManager:220 - loadIPPluginJar : add quadspi
2024-12-05 09:54:40,036 [INFO] IPUIPlugin:80 - create IPUIPlugin
2024-12-05 09:54:40,037 [INFO] PluginManager:220 - loadIPPluginJar : add radio
2024-12-05 09:54:40,052 [INFO] IPUIPlugin:80 - create IPUIPlugin
2024-12-05 09:54:40,053 [INFO] PluginManager:220 - loadIPPluginJar : add resmgrutility
2024-12-05 09:54:40,096 [INFO] IPUIPlugin:80 - create IPUIPlugin
2024-12-05 09:54:40,097 [INFO] PluginManager:220 - loadIPPluginJar : add sai
2024-12-05 09:54:40,129 [INFO] IPUIPlugin:80 - create IPUIPlugin
2024-12-05 09:54:40,129 [INFO] PluginManager:220 - loadIPPluginJar : add spi
2024-12-05 09:54:40,186 [INFO] IPUIPlugin:80 - create IPUIPlugin
2024-12-05 09:54:40,186 [INFO] PluginManager:220 - loadIPPluginJar : add stm32_wpan
2024-12-05 09:54:40,207 [INFO] IPUIPlugin:80 - create IPUIPlugin
2024-12-05 09:54:40,207 [INFO] PluginManager:220 - loadIPPluginJar : add tim
2024-12-05 09:54:40,252 [INFO] IPUIPlugin:80 - create IPUIPlugin
2024-12-05 09:54:40,253 [INFO] PluginManager:220 - loadIPPluginJar : add touchsensing
2024-12-05 09:54:40,274 [INFO] IPUIPlugin:80 - create IPUIPlugin
2024-12-05 09:54:40,274 [INFO] PluginManager:220 - loadIPPluginJar : add tracer_emb
2024-12-05 09:54:40,295 [INFO] IPUIPlugin:80 - create IPUIPlugin
2024-12-05 09:54:40,296 [INFO] PluginManager:220 - loadIPPluginJar : add ts
2024-12-05 09:54:40,313 [INFO] IPUIPlugin:80 - create IPUIPlugin
2024-12-05 09:54:40,314 [INFO] PluginManager:220 - loadIPPluginJar : add tsc
2024-12-05 09:54:40,337 [INFO] IPUIPlugin:80 - create IPUIPlugin
2024-12-05 09:54:40,337 [INFO] PluginManager:220 - loadIPPluginJar : add ucpd
2024-12-05 09:54:40,373 [INFO] IPUIPlugin:80 - create IPUIPlugin
2024-12-05 09:54:40,373 [INFO] PluginManager:220 - loadIPPluginJar : add usart
2024-12-05 09:54:40,405 [INFO] IPUIPlugin:80 - create IPUIPlugin
2024-12-05 09:54:40,405 [INFO] PluginManager:220 - loadIPPluginJar : add usbx
2024-12-05 09:54:40,516 [INFO] CADModel:165 - CPN selected for project level
2024-12-05 09:54:40,516 [INFO] CADModel:114 - Register for checkConnection events
2024-12-05 09:54:40,516 [FATAL] Updater:334 - Updater called before beeing initialized
2024-12-05 09:54:40,516 [ERROR] CADModel:125 - Updater not yet initialized, retry later 
2024-12-05 09:54:40,613 [INFO] CADModel:165 - CPN selected for project level
2024-12-05 09:54:40,613 [INFO] CADModel:114 - Register for checkConnection events
2024-12-05 09:54:40,613 [FATAL] Updater:334 - Updater called before beeing initialized
2024-12-05 09:54:40,613 [ERROR] CADModel:125 - Updater not yet initialized, retry later 
2024-12-05 09:54:40,616 [FATAL] Updater:334 - Updater called before beeing initialized
2024-12-05 09:54:40,680 [FATAL] Updater:334 - Updater called before beeing initialized
2024-12-05 09:54:40,689 [INFO] DbMcusAds:53 - JSON generation date=Fri Sep 20 16:04:38 IDT 2024 (1726837478367)
2024-12-05 09:54:40,690 [FATAL] Updater:334 - Updater called before beeing initialized
2024-12-05 09:54:40,718 [WARN] DetailPanel:346 - Failed to get advertising image, set to default
2024-12-05 09:54:40,788 [FATAL] Updater:334 - Updater called before beeing initialized
2024-12-05 09:54:40,789 [FATAL] Updater:334 - Updater called before beeing initialized
2024-12-05 09:54:40,789 [FATAL] Updater:334 - Updater called before beeing initialized
2024-12-05 09:54:40,789 [WARN] DetailPanel:346 - Failed to get advertising image, set to default
2024-12-05 09:54:40,790 [FATAL] Updater:334 - Updater called before beeing initialized
2024-12-05 09:54:40,837 [ERROR] Updater:1164 - MainUpdater not yet initialized. External WinMGr cannot be set.
2024-12-05 09:54:40,849 [INFO] Updater:1100 - Updater Version found : 6.12.1
2024-12-05 09:54:40,866 [INFO] ApplicationProperties:184 - Using Application install path: C:\STM32CubeIDE_1.10.1\STM32CubeIDE\plugins\com.st.stm32cube.common.mx_6.12.1.202409122256
2024-12-05 09:54:41,490 [INFO] ThirdPartyUpdaterWithRetryManager:70 - Updater plugin not ready yet. [2/15]
2024-12-05 09:54:42,442 [ERROR] LogOutputStream:75 - [STDERR_REDIRECT] Dec 05, 2024 9:54:42 AM java.util.prefs.WindowsPreferences <init>
2024-12-05 09:54:42,443 [ERROR] LogOutputStream:75 - [STDERR_REDIRECT] WARNING: Could not open/create prefs root node Software\JavaSoft\Prefs at root 0xffffffff80000002. Windows RegCreateKeyEx(...) returned error code 5.
2024-12-05 09:54:42,443 [ERROR] LogOutputStream:75 - [STDERR_REDIRECT] 
2024-12-05 09:54:42,971 [INFO] MainUpdater:2873 - connection check result : 10
2024-12-05 09:54:42,973 [INFO] MainUpdater:290 - Updater Check For Update Now.
2024-12-05 09:54:42,973 [INFO] MicroXplorer:498 - Change Database Version : DB.6.0.121
2024-12-05 09:54:42,991 [INFO] McuFinderGlobals:63 - Set McuFinder mode to 2 (CubeIDE integrated)
2024-12-05 09:54:42,992 [INFO] UserAuth:179 - activating auth plugin
2024-12-05 09:54:42,995 [INFO] UserAuth:417 - Internet connection configuration mode: 1
2024-12-05 09:54:43,022 [INFO] JxBrowserEngine:152 - Initiate JxBrowser Engine with user profile folder
2024-12-05 09:54:43,175 [INFO] CheckServerUpdateThread:120 - End of CheckServer Thread
2024-12-05 09:54:44,632 [WARN] PackLoader:240 - Cannot read IP mode file for STMicroelectronics.FP-ATR-ASTRA1.2.0.1
2024-12-05 09:54:44,658 [WARN] PackLoader:240 - Cannot read IP mode file for STMicroelectronics.X-CUBE-SMBUS.2.1.0
2024-12-05 09:54:44,677 [WARN] PackLoader:240 - Cannot read IP mode file for STMicroelectronics.X-CUBE-WB05N.1.1.0
2024-12-05 09:54:44,712 [WARN] PackLoader:240 - Cannot read IP mode file for STMicroelectronics.X-CUBE-AZRTOS-F7.1.1.0
2024-12-05 09:54:44,735 [WARN] PackLoader:240 - Cannot read IP mode file for STMicroelectronics.X-CUBE-BLE1.6.2.3
2024-12-05 09:54:44,795 [WARN] PackLoader:240 - Cannot read IP mode file for STMicroelectronics.X-CUBE-MEMS1.11.0.0
2024-12-05 09:54:44,909 [WARN] PackLoader:240 - Cannot read IP mode file for STMicroelectronics.X-CUBE-TOF1.3.1.0
2024-12-05 09:54:44,927 [WARN] PackLoader:240 - Cannot read IP mode file for STMicroelectronics.X-CUBE-NFC10.1.0.0
2024-12-05 09:54:44,970 [WARN] PackLoader:240 - Cannot read IP mode file for STMicroelectronics.X-CUBE-MEMS1.9.3.0
2024-12-05 09:54:45,045 [WARN] PackLoader:240 - Cannot read IP mode file for STMicroelectronics.X-CUBE-AI.7.2.0
2024-12-05 09:54:45,065 [INFO] LogOutputStream:77 - [STDOUT_REDIRECT] 1 : Invalid condition id : UX_CORESTACK_Condition cause : null
2024-12-05 09:54:45,066 [INFO] LogOutputStream:77 - [STDOUT_REDIRECT] 1 : Invalid condition id : UX_CORESTACK_Condition cause : null
2024-12-05 09:54:45,067 [INFO] LogOutputStream:77 - [STDOUT_REDIRECT] 1 : Invalid condition id : UX_CORESTACK_Condition cause : null
2024-12-05 09:54:45,067 [INFO] LogOutputStream:77 - [STDOUT_REDIRECT] 1 : Invalid condition id : UX_CORESTACK_Condition cause : null
2024-12-05 09:54:45,068 [INFO] LogOutputStream:77 - [STDOUT_REDIRECT] 1 : Invalid condition id : UX_CORESTACK_Condition cause : null
2024-12-05 09:54:45,069 [WARN] PackLoader:240 - Cannot read IP mode file for STMicroelectronics.X-CUBE-AZRTOS-WL.2.0.0
2024-12-05 09:54:45,084 [WARN] PackLoader:240 - Cannot read IP mode file for wolfSSL.I-CUBE-wolfMQTT.1.19.0
2024-12-05 09:54:45,101 [WARN] PackLoader:240 - Cannot read IP mode file for WES.I-CUBE-Cesium.1.3.0
2024-12-05 09:54:45,115 [WARN] PackLoader:240 - Cannot read IP mode file for STMicroelectronics.X-CUBE-BLE2.3.3.0
2024-12-05 09:54:45,130 [WARN] PackLoader:240 - Cannot read IP mode file for STMicroelectronics.X-CUBE-DISPLAY.2.2.0
2024-12-05 09:54:45,143 [WARN] PackLoader:240 - Cannot read IP mode file for STMicroelectronics.X-CUBE-ISPU.1.0.0
2024-12-05 09:54:45,158 [WARN] PackLoader:240 - Cannot read IP mode file for STMicroelectronics.X-CUBE-NFC9.1.0.0
2024-12-05 09:54:45,184 [WARN] PackLoader:240 - Cannot read IP mode file for STMicroelectronics.X-CUBE-AZRTOS-H7.2.1.0
2024-12-05 09:54:45,198 [WARN] PackLoader:240 - Cannot read IP mode file for STMicroelectronics.X-CUBE-TCPP.4.1.0
2024-12-05 09:54:45,239 [WARN] PackLoader:240 - Cannot read IP mode file for STMicroelectronics.X-CUBE-MEMS1.9.4.0
2024-12-05 09:54:45,316 [WARN] PackLoader:240 - Cannot read IP mode file for STMicroelectronics.X-CUBE-AI.7.3.0
2024-12-05 09:54:45,333 [WARN] PackLoader:240 - Cannot read IP mode file for STMicroelectronics.X-CUBE-ALGOBUILD.1.3.0
2024-12-05 09:54:45,356 [WARN] PackLoader:240 - Cannot read IP mode file for STMicroelectronics.X-CUBE-AZRTOS-G0.1.1.0
2024-12-05 09:54:45,370 [WARN] PackLoader:240 - Cannot read IP mode file for STMicroelectronics.X-CUBE-SAFEA1.1.2.2
2024-12-05 09:54:45,385 [WARN] PackLoader:240 - Cannot read IP mode file for STMicroelectronics.X-CUBE-NFC4.3.0.0
2024-12-05 09:54:45,417 [WARN] PackLoader:240 - Cannot read IP mode file for SEGGER.I-CUBE-embOS.1.2.0
2024-12-05 09:54:45,451 [WARN] PackLoader:240 - Cannot read IP mode file for EmbeddedOffice.I-CUBE-FS-RTOS.1.0.1
2024-12-05 09:54:45,451 [ERROR] ConditionMgr:805 - Attr not supported : Dmpu
2024-12-05 09:54:45,451 [ERROR] ConditionMgr:805 - Attr not supported : Dmpu
2024-12-05 09:54:45,451 [ERROR] ConditionMgr:805 - Attr not supported : Dmpu
2024-12-05 09:54:45,451 [ERROR] ConditionMgr:805 - Attr not supported : Dmpu
2024-12-05 09:54:45,452 [ERROR] ConditionMgr:805 - Attr not supported : Dmpu
2024-12-05 09:54:45,452 [ERROR] ConditionMgr:805 - Attr not supported : Dmpu
2024-12-05 09:54:45,452 [ERROR] ConditionMgr:805 - Attr not supported : Dmpu
2024-12-05 09:54:45,452 [ERROR] ConditionMgr:805 - Attr not supported : Dmpu
2024-12-05 09:54:45,452 [ERROR] ConditionMgr:805 - Attr not supported : Dmpu
2024-12-05 09:54:45,452 [ERROR] ConditionMgr:805 - Attr not supported : Dmpu
2024-12-05 09:54:45,452 [ERROR] ConditionMgr:805 - Attr not supported : Dmpu
2024-12-05 09:54:45,452 [ERROR] ConditionMgr:805 - Attr not supported : Dmpu
2024-12-05 09:54:45,452 [ERROR] ConditionMgr:805 - Attr not supported : Dmpu
2024-12-05 09:54:45,452 [ERROR] ConditionMgr:805 - Attr not supported : Dmpu
2024-12-05 09:54:45,452 [ERROR] ConditionMgr:805 - Attr not supported : Dmpu
2024-12-05 09:54:45,452 [ERROR] ConditionMgr:805 - Attr not supported : Dmpu
2024-12-05 09:54:45,452 [ERROR] ConditionMgr:805 - Attr not supported : Dmpu
2024-12-05 09:54:45,452 [ERROR] ConditionMgr:805 - Attr not supported : Dmpu
2024-12-05 09:54:45,452 [ERROR] ConditionMgr:805 - Attr not supported : Dmpu
2024-12-05 09:54:45,452 [ERROR] ConditionMgr:805 - Attr not supported : Dmpu
2024-12-05 09:54:45,452 [ERROR] ConditionMgr:805 - Attr not supported : Dmpu
2024-12-05 09:54:45,452 [ERROR] ConditionMgr:805 - Attr not supported : Dmpu
2024-12-05 09:54:45,452 [ERROR] ConditionMgr:805 - Attr not supported : Dmpu
2024-12-05 09:54:45,452 [ERROR] ConditionMgr:805 - Attr not supported : Dmpu
2024-12-05 09:54:45,452 [ERROR] ConditionMgr:805 - Attr not supported : Dmpu
2024-12-05 09:54:45,452 [ERROR] ConditionMgr:805 - Attr not supported : Dmpu
2024-12-05 09:54:45,452 [ERROR] ConditionMgr:805 - Attr not supported : Dmpu
2024-12-05 09:54:45,452 [ERROR] ConditionMgr:805 - Attr not supported : Dmpu
2024-12-05 09:54:45,452 [ERROR] ConditionMgr:805 - Attr not supported : Dmpu
2024-12-05 09:54:45,452 [ERROR] ConditionMgr:805 - Attr not supported : Dmpu
2024-12-05 09:54:45,452 [ERROR] ConditionMgr:805 - Attr not supported : Dmpu
2024-12-05 09:54:45,452 [ERROR] ConditionMgr:805 - Attr not supported : Dmpu
2024-12-05 09:54:45,453 [ERROR] ConditionMgr:805 - Attr not supported : Dmpu
2024-12-05 09:54:45,453 [ERROR] ConditionMgr:805 - Attr not supported : Dmpu
2024-12-05 09:54:45,453 [ERROR] ConditionMgr:805 - Attr not supported : Dmpu
2024-12-05 09:54:45,453 [ERROR] ConditionMgr:805 - Attr not supported : Dmpu
2024-12-05 09:54:45,453 [ERROR] ConditionMgr:805 - Attr not supported : Dmpu
2024-12-05 09:54:45,453 [ERROR] ConditionMgr:805 - Attr not supported : Dmpu
2024-12-05 09:54:45,453 [ERROR] ConditionMgr:805 - Attr not supported : Dmpu
2024-12-05 09:54:45,453 [ERROR] ConditionMgr:805 - Attr not supported : Dmpu
2024-12-05 09:54:45,453 [ERROR] ConditionMgr:805 - Attr not supported : Dmpu
2024-12-05 09:54:45,453 [ERROR] ConditionMgr:805 - Attr not supported : Dmpu
2024-12-05 09:54:45,453 [ERROR] ConditionMgr:805 - Attr not supported : Dmpu
2024-12-05 09:54:45,453 [ERROR] ConditionMgr:805 - Attr not supported : Dmpu
2024-12-05 09:54:45,453 [ERROR] ConditionMgr:805 - Attr not supported : Dmpu
2024-12-05 09:54:45,453 [ERROR] ConditionMgr:805 - Attr not supported : Dmpu
2024-12-05 09:54:45,453 [ERROR] ConditionMgr:805 - Attr not supported : Dmpu
2024-12-05 09:54:45,453 [ERROR] ConditionMgr:805 - Attr not supported : Dmpu
2024-12-05 09:54:45,453 [ERROR] ConditionMgr:805 - Attr not supported : Dmpu
2024-12-05 09:54:45,453 [ERROR] ConditionMgr:805 - Attr not supported : Dmpu
2024-12-05 09:54:45,453 [ERROR] ConditionMgr:805 - Attr not supported : Dmpu
2024-12-05 09:54:45,453 [ERROR] ConditionMgr:805 - Attr not supported : Dmpu
2024-12-05 09:54:45,453 [ERROR] ConditionMgr:805 - Attr not supported : Dmpu
2024-12-05 09:54:45,453 [ERROR] ConditionMgr:805 - Attr not supported : Dmpu
2024-12-05 09:54:45,453 [ERROR] ConditionMgr:805 - Attr not supported : Dmpu
2024-12-05 09:54:45,453 [ERROR] ConditionMgr:805 - Attr not supported : Dmpu
2024-12-05 09:54:45,453 [ERROR] ConditionMgr:805 - Attr not supported : Dmpu
2024-12-05 09:54:45,453 [ERROR] ConditionMgr:805 - Attr not supported : Dmpu
2024-12-05 09:54:45,453 [ERROR] ConditionMgr:805 - Attr not supported : Dmpu
2024-12-05 09:54:45,453 [ERROR] ConditionMgr:805 - Attr not supported : Dmpu
2024-12-05 09:54:45,454 [ERROR] ConditionMgr:805 - Attr not supported : Dmpu
2024-12-05 09:54:45,454 [ERROR] ConditionMgr:805 - Attr not supported : Dmpu
2024-12-05 09:54:45,454 [ERROR] ConditionMgr:805 - Attr not supported : Dmpu
2024-12-05 09:54:45,454 [ERROR] ConditionMgr:805 - Attr not supported : Dmpu
2024-12-05 09:54:45,467 [WARN] PackLoader:240 - Cannot read IP mode file for RealThread.X-CUBE-RT-Thread_Nano.4.1.1
2024-12-05 09:54:45,480 [WARN] ConditionMgr:438 - getConditionDescription Invalid condition id : Cortex-A Device cause : null
2024-12-05 09:54:45,502 [WARN] ConditionMgr:1039 - genDependencies : Invalid condition id : Cortex-A Device cause : null
2024-12-05 09:54:45,502 [WARN] ConditionMgr:1039 - genDependencies : Invalid condition id : Cortex-A Device cause : null
2024-12-05 09:54:45,502 [WARN] ConditionMgr:1039 - genDependencies : Invalid condition id : Cortex-A Device cause : null
2024-12-05 09:54:45,518 [WARN] PackLoader:240 - Cannot read IP mode file for emotas.I-CUBE-CANOPEN.1.1.2
2024-12-05 09:54:45,532 [WARN] PackLoader:240 - Cannot read IP mode file for STMicroelectronics.X-CUBE-TOUCHGFX.4.20.0
2024-12-05 09:54:45,545 [WARN] PackLoader:240 - Cannot read IP mode file for ITTIA_DB.I-CUBE-ITTIADB.8.9.0
2024-12-05 09:54:45,574 [WARN] PackLoader:240 - Cannot read IP mode file for SEGGER.I-CUBE-embOS.1.3.1
2024-12-05 09:54:45,608 [WARN] PackLoader:240 - Cannot read IP mode file for STMicroelectronics.X-CUBE-ALGOBUILD.1.4.0
2024-12-05 09:54:45,625 [WARN] PackLoader:240 - Cannot read IP mode file for STMicroelectronics.X-CUBE-AI.9.1.0
2024-12-05 09:54:45,641 [WARN] PackLoader:240 - Cannot read IP mode file for STMicroelectronics.X-CUBE-GNSS1.6.0.0
2024-12-05 09:54:45,666 [WARN] PackLoader:240 - Cannot read IP mode file for STMicroelectronics.X-CUBE-AZRTOS-F4.1.1.0
2024-12-05 09:54:45,678 [WARN] PackLoader:240 - Cannot read IP mode file for STMicroelectronics.X-CUBE-ISPU.2.1.0
2024-12-05 09:54:45,701 [WARN] PackLoader:240 - Cannot read IP mode file for STMicroelectronics.X-CUBE-AZRTOS-L5.2.0.0
2024-12-05 09:54:45,721 [WARN] PackLoader:240 - Cannot read IP mode file for STMicroelectronics.X-CUBE-NFC6.3.1.0
2024-12-05 09:54:45,738 [WARN] PackLoader:240 - Cannot read IP mode file for STMicroelectronics.X-CUBE-NFC4.2.0.5
2024-12-05 09:54:45,753 [WARN] PackLoader:240 - Cannot read IP mode file for STMicroelectronics.X-CUBE-NFC4.2.0.4
2024-12-05 09:54:45,769 [WARN] PackLoader:240 - Cannot read IP mode file for STMicroelectronics.X-CUBE-AI.9.0.0
2024-12-05 09:54:45,781 [WARN] PackLoader:240 - Cannot read IP mode file for wolfSSL.I-CUBE-wolfSSL.5.5.0
2024-12-05 09:54:45,796 [WARN] PackLoader:240 - Cannot read IP mode file for STMicroelectronics.X-CUBE-NFC7.1.0.1
2024-12-05 09:54:45,809 [WARN] PackLoader:240 - Cannot read IP mode file for STMicroelectronics.X-CUBE-NFC7.1.0.0
2024-12-05 09:54:45,831 [WARN] ConditionMgr:438 - getConditionDescription Invalid condition id : LAN8742 Phy interface Condition cause : null
2024-12-05 09:54:45,832 [WARN] PackLoader:240 - Cannot read IP mode file for STMicroelectronics.X-CUBE-AZRTOS-L4.2.0.0
2024-12-05 09:54:45,832 [WARN] ConditionMgr:1039 - genDependencies : Invalid condition id : LAN8742 Phy interface Condition cause : null
2024-12-05 09:54:45,833 [WARN] ConditionMgr:1039 - genDependencies : Invalid condition id : LAN8742 Phy interface Condition cause : null
2024-12-05 09:54:45,833 [WARN] ConditionMgr:1039 - genDependencies : Invalid condition id : LAN8742 Phy interface Condition cause : null
2024-12-05 09:54:45,848 [WARN] PackLoader:240 - Cannot read IP mode file for STMicroelectronics.X-CUBE-SFXS2LP1.4.0.0
2024-12-05 09:54:45,862 [WARN] PackLoader:240 - Cannot read IP mode file for STMicroelectronics.X-CUBE-ISPU.1.1.0
2024-12-05 09:54:45,884 [WARN] PackLoader:240 - Cannot read IP mode file for STMicroelectronics.X-CUBE-AZRTOS-H7.3.3.0
2024-12-05 09:54:45,901 [WARN] PackLoader:240 - Cannot read IP mode file for RoweBots.I-CUBE-UNISONRTOS.5.5.0-4
2024-12-05 09:54:45,919 [WARN] PackLoader:240 - Cannot read IP mode file for STMicroelectronics.X-CUBE-IPS.3.0.0
2024-12-05 09:54:45,943 [WARN] ConditionMgr:438 - getConditionDescription Invalid condition id : UX DEVICE CLASS RTOS Condition cause : null
2024-12-05 09:54:45,943 [WARN] ConditionMgr:438 - getConditionDescription Invalid condition id : UX DEVICE CLASS RTOS Condition cause : null
2024-12-05 09:54:45,944 [WARN] PackLoader:240 - Cannot read IP mode file for STMicroelectronics.X-CUBE-AZRTOS-WB.2.0.0
2024-12-05 09:54:45,945 [WARN] ConditionMgr:1039 - genDependencies : Invalid condition id : UX DEVICE CLASS RTOS Condition cause : null
2024-12-05 09:54:45,945 [WARN] ConditionMgr:1039 - genDependencies : Invalid condition id : UX DEVICE CLASS RTOS Condition cause : null
2024-12-05 09:54:45,945 [WARN] ConditionMgr:1039 - genDependencies : Invalid condition id : UX DEVICE CLASS RTOS Condition cause : null
2024-12-05 09:54:45,945 [WARN] ConditionMgr:1039 - genDependencies : Invalid condition id : UX DEVICE CLASS RTOS Condition cause : null
2024-12-05 09:54:45,945 [WARN] ConditionMgr:1039 - genDependencies : Invalid condition id : UX DEVICE CLASS RTOS Condition cause : null
2024-12-05 09:54:45,960 [WARN] PackLoader:240 - Cannot read IP mode file for STMicroelectronics.X-CUBE-BLEMGR.1.0.0
2024-12-05 09:54:45,979 [WARN] PackLoader:240 - Cannot read IP mode file for STMicroelectronics.X-CUBE-SUBG2.5.0.0
2024-12-05 09:54:45,994 [WARN] PackLoader:240 - Cannot read IP mode file for Cesanta.I-CUBE-Mongoose.7.13.0
2024-12-05 09:54:46,012 [WARN] PackLoader:240 - Cannot read IP mode file for STMicroelectronics.X-CUBE-AZRTOS-G4.2.0.0
2024-12-05 09:54:46,028 [WARN] PackLoader:240 - Cannot read IP mode file for STMicroelectronics.FP-ATR-ASTRA1.1.1.1
2024-12-05 09:54:46,044 [WARN] PackLoader:240 - Cannot read IP mode file for STMicroelectronics.X-CUBE-AZRTOS-G4.1.0.0
2024-12-05 09:54:46,063 [WARN] PackLoader:240 - Cannot read IP mode file for STMicroelectronics.X-CUBE-AZRTOS-L4.1.0.0
2024-12-05 09:54:46,078 [WARN] PackLoader:240 - Cannot read IP mode file for STMicroelectronics.X-CUBE-AZRTOS-WL.1.0.0
2024-12-05 09:54:46,090 [WARN] PackLoader:240 - Cannot read IP mode file for STMicroelectronics.X-CUBE-TOUCHGFX.4.24.1
2024-12-05 09:54:46,100 [WARN] PackLoader:240 - Cannot read IP mode file for wolfSSL.I-CUBE-wolfTPM.3.4.0
2024-12-05 09:54:46,112 [WARN] PackLoader:240 - Cannot read IP mode file for portGmbH.I-Cube-SoM-uGOAL.1.1.0
2024-12-05 09:54:46,123 [WARN] PackLoader:240 - Cannot read IP mode file for STMicroelectronics.X-CUBE-ALS.1.0.1
2024-12-05 09:54:46,141 [WARN] PackLoader:240 - Cannot read IP mode file for STMicroelectronics.X-CUBE-AZRTOS-L5.1.0.0
2024-12-05 09:54:46,156 [WARN] PackLoader:240 - Cannot read IP mode file for STMicroelectronics.X-CUBE-EEPRMA1.3.1.1
2024-12-05 09:54:46,176 [WARN] PackLoader:240 - Cannot read IP mode file for STMicroelectronics.X-CUBE-AZRTOS-H7RS.1.0.0
2024-12-05 09:54:46,189 [WARN] PackLoader:240 - Cannot read IP mode file for STMicroelectronics.FP-ATR-ASTRA1.2.0.0
2024-12-05 09:54:46,203 [WARN] PackLoader:240 - Cannot read IP mode file for STMicroelectronics.X-CUBE-TOF1.3.4.2
2024-12-05 09:54:46,234 [WARN] PackLoader:240 - Cannot read IP mode file for Infineon.AIROC-Wi-Fi-Bluetooth-STM32.1.6.1
2024-12-05 09:54:46,246 [WARN] PackLoader:240 - Cannot read IP mode file for wolfSSL.I-CUBE-wolfSSH.1.4.17
2024-12-05 09:54:46,246 [INFO] ThirdParty:978 - Integrity check success = true
2024-12-05 09:54:46,246 [INFO] IntegrityCheckThread:100 - exiting critical section [integrity check]
2024-12-05 09:54:46,247 [INFO] IntegrityCheckThread:103 - End integrity checks thread
2024-12-05 09:54:47,811 [INFO] WebApp:167 - Instantiating new browser for Auth
2024-12-05 09:54:48,375 [INFO] WebApp:448 - Apply proxy settings
2024-12-05 09:54:48,375 [INFO] WebApp:533 - Chromium requires no authentication
2024-12-05 09:54:48,384 [INFO] WebApp:476 - Direct internet connection detected
2024-12-05 09:54:48,408 [INFO] WebApp:869 - Register for checkConnection events
2024-12-05 09:54:48,408 [INFO] WebApp:448 - Apply proxy settings
2024-12-05 09:54:48,408 [INFO] WebApp:533 - Chromium requires no authentication
2024-12-05 09:54:48,409 [INFO] WebApp:476 - Direct internet connection detected
2024-12-05 09:54:48,545 [INFO] WebApp:220 - Starting web application
2024-12-05 09:54:48,545 [INFO] WebApp:578 - Web application path used C:\STM32CubeIDE_1.10.1\STM32CubeIDE\plugins\com.st.stm32cube.common.mx_6.12.1.202409122256\db\plugins\mcufinder\reactClient1\index.html
2024-12-05 09:54:48,681 [INFO] WebApp:186 - Connection restablished
2024-12-05 14:40:46,459 [INFO] WebApp:189 - Connection lost
2024-12-05 14:40:46,710 [INFO] WebApp:186 - Connection restablished
2024-12-05 14:40:48,575 [INFO] WebApp:189 - Connection lost
2024-12-05 14:40:49,065 [INFO] WebApp:186 - Connection restablished
