2024-11-11 23:28:45,912 [INFO] Activator:176 - 


2024-11-11 23:28:45,916 [INFO] Activator:177 - !SESSION log4j initialized
2024-11-11 23:28:50,881 [INFO] LogOutputStream:77 - [STDOUT_REDIRECT] 
2024-11-11 23:28:52,835 [INFO] ApplicationProperties:184 - Using Application install path: C:\STM32CubeIDE_1.10.1\STM32CubeIDE\plugins\com.st.stm32cube.common.mx_6.12.1.202409122256
2024-11-11 23:28:52,852 [INFO] DbMcusXml:78 - Set database path to: C:\STM32CubeIDE_1.10.1\STM32CubeIDE\plugins\com.st.stm32cube.common.mx_6.12.1.202409122256\\db\/mcu/
2024-11-11 23:28:52,853 [INFO] ApiDb:274 - Set plugin database path to: C:\STM32CubeIDE_1.10.1\STM32CubeIDE\plugins\com.st.stm32cube.common.mx_6.12.1.202409122256\\db\/plugins/boardmanager/
2024-11-11 23:28:52,853 [WARN] ApiDb:259 - Overriding images path with different value:  => C:\STM32CubeIDE_1.10.1\STM32CubeIDE\plugins\com.st.stm32cube.common.mx_6.12.1.202409122256\\db\/plugins/mcufinder/images/
2024-11-11 23:28:52,864 [INFO] ApiDb:250 - Set database path to: C:\Users\matan\.stmcufinder\plugins\mcufinder//mcu/
2024-11-11 23:28:52,865 [INFO] DbMcusAds:125 - Set database path to: C:\Users\matan\.stmcufinder\plugins\mcufinder//mcu/
2024-11-11 23:28:52,868 [INFO] CrossReferenceDbSqlite:203 - Set database path to: C:\Users\matan\.stmcufinder\plugins\mcufinder//mcu/cs/
2024-11-11 23:28:52,978 [INFO] RulesReader:64 - Compatibility file has been processed (297 Rules)
2024-11-11 23:28:53,062 [INFO] DbMcusXml:78 - Set database path to: C:\STM32CubeIDE_1.10.1\STM32CubeIDE\plugins\com.st.stm32cube.common.mx_6.12.1.202409122256\\db\/mcu/
2024-11-11 23:28:53,062 [INFO] ApiDb:274 - Set plugin database path to: C:\STM32CubeIDE_1.10.1\STM32CubeIDE\plugins\com.st.stm32cube.common.mx_6.12.1.202409122256\\db\/plugins/boardmanager/
2024-11-11 23:28:53,062 [INFO] ApiDb:261 - Set plugin images path to: C:\STM32CubeIDE_1.10.1\STM32CubeIDE\plugins\com.st.stm32cube.common.mx_6.12.1.202409122256\\db\/plugins/mcufinder/images/
2024-11-11 23:28:53,063 [WARN] DbFile:41 - Overriding database path with different value: C:\Users\matan\.stmcufinder\plugins\mcufinder/ => C:\Users\matan\.stmcufinder\plugins\mcufinder
2024-11-11 23:28:53,063 [INFO] ApiDb:250 - Set database path to: C:\Users\matan\.stmcufinder\plugins\mcufinder//mcu/
2024-11-11 23:28:53,063 [WARN] DbFile:41 - Overriding database path with different value: C:\Users\matan\.stmcufinder\plugins\mcufinder/ => C:\Users\matan\.stmcufinder\plugins\mcufinder
2024-11-11 23:28:53,063 [INFO] DbMcusAds:125 - Set database path to: C:\Users\matan\.stmcufinder\plugins\mcufinder//mcu/
2024-11-11 23:28:53,063 [WARN] DbFile:41 - Overriding database path with different value: C:\Users\matan\.stmcufinder\plugins\mcufinder/ => C:\Users\matan\.stmcufinder\plugins\mcufinder
2024-11-11 23:28:53,063 [WARN] DbFile:41 - Overriding database path with different value: C:\Users\matan\.stmcufinder\plugins\mcufinder/ => C:\Users\matan\.stmcufinder\plugins\mcufinder
2024-11-11 23:28:53,063 [INFO] CrossReferenceDbSqlite:203 - Set database path to: C:\Users\matan\.stmcufinder\plugins\mcufinder//mcu/cs/
2024-11-11 23:28:53,135 [INFO] MainPanel:268 - HeapMemory: 268435456
2024-11-11 23:28:53,251 [INFO] DbMcusXml:78 - Set database path to: C:\STM32CubeIDE_1.10.1\STM32CubeIDE\plugins\com.st.stm32cube.common.mx_6.12.1.202409122256\\db\/mcu/
2024-11-11 23:28:53,251 [INFO] ApiDb:274 - Set plugin database path to: C:\STM32CubeIDE_1.10.1\STM32CubeIDE\plugins\com.st.stm32cube.common.mx_6.12.1.202409122256\\db\/plugins/boardmanager/
2024-11-11 23:28:53,251 [INFO] ApiDb:261 - Set plugin images path to: C:\STM32CubeIDE_1.10.1\STM32CubeIDE\plugins\com.st.stm32cube.common.mx_6.12.1.202409122256\\db\/plugins/mcufinder/images/
2024-11-11 23:28:53,252 [WARN] DbFile:41 - Overriding database path with different value: C:\Users\matan\.stmcufinder\plugins\mcufinder/ => C:\Users\matan\.stmcufinder\plugins\mcufinder
2024-11-11 23:28:53,252 [INFO] ApiDb:250 - Set database path to: C:\Users\matan\.stmcufinder\plugins\mcufinder//mcu/
2024-11-11 23:28:53,252 [WARN] DbFile:41 - Overriding database path with different value: C:\Users\matan\.stmcufinder\plugins\mcufinder/ => C:\Users\matan\.stmcufinder\plugins\mcufinder
2024-11-11 23:28:53,252 [INFO] DbMcusAds:125 - Set database path to: C:\Users\matan\.stmcufinder\plugins\mcufinder//mcu/
2024-11-11 23:28:53,252 [WARN] DbFile:41 - Overriding database path with different value: C:\Users\matan\.stmcufinder\plugins\mcufinder/ => C:\Users\matan\.stmcufinder\plugins\mcufinder
2024-11-11 23:28:53,253 [WARN] DbFile:41 - Overriding database path with different value: C:\Users\matan\.stmcufinder\plugins\mcufinder/ => C:\Users\matan\.stmcufinder\plugins\mcufinder
2024-11-11 23:28:53,253 [INFO] CrossReferenceDbSqlite:203 - Set database path to: C:\Users\matan\.stmcufinder\plugins\mcufinder//mcu/cs/
2024-11-11 23:28:53,268 [INFO] ApplicationProperties:184 - Using Application install path: C:\STM32CubeIDE_1.10.1\STM32CubeIDE\plugins\com.st.stm32cube.common.mx_6.12.1.202409122256
2024-11-11 23:28:53,269 [INFO] PluginManage:196 - Search for loadable plugins [exclusion list=, ]
2024-11-11 23:28:53,271 [INFO] PluginManage:310 - Check plugin analytics
2024-11-11 23:28:53,453 [INFO] AnalyticsPlugin:253 - Accepted Software Licenses: 
2024-11-11 23:28:53,454 [INFO] AnalyticsPlugin:255 - Accepted CMSIS Pack Licenses: 
2024-11-11 23:28:53,454 [INFO] AnalyticsPlugin:257 - Accepted Firmware Licenses: 
2024-11-11 23:28:53,457 [INFO] PluginManage:359 - Loaded plugin analytics (category:tool,tabindex:-1)
2024-11-11 23:28:53,458 [INFO] PluginManage:310 - Check plugin cadmodel
2024-11-11 23:28:53,483 [INFO] CADModel:105 - Init CAD model plugin
2024-11-11 23:28:53,483 [INFO] PluginManage:359 - Loaded plugin cadmodel (category:power,tabindex:5)
2024-11-11 23:28:53,483 [INFO] PluginManage:310 - Check plugin clock
2024-11-11 23:28:53,514 [INFO] PluginManage:359 - Loaded plugin clock (category:base,tabindex:2)
2024-11-11 23:28:53,514 [INFO] PluginManage:310 - Check plugin ddr
2024-11-11 23:28:53,519 [INFO] PluginManage:359 - Loaded plugin ddr (category:tool,tabindex:6)
2024-11-11 23:28:53,520 [INFO] PluginManage:310 - Check plugin filemanager
2024-11-11 23:28:53,688 [INFO] PluginManage:359 - Loaded plugin filemanager (category:base,tabindex:10)
2024-11-11 23:28:53,688 [INFO] PluginManage:310 - Check plugin ipmanager
2024-11-11 23:28:53,695 [INFO] PluginManage:359 - Loaded plugin ipmanager (category:base,tabindex:5)
2024-11-11 23:28:53,695 [INFO] PluginManage:310 - Check plugin lpbam
2024-11-11 23:28:53,714 [INFO] PluginManage:359 - Loaded plugin lpbam (category:base,tabindex:0)
2024-11-11 23:28:53,714 [INFO] PluginManage:310 - Check plugin memorymap
2024-11-11 23:28:53,742 [INFO] PluginManage:359 - Loaded plugin memorymap (category:base,tabindex:4)
2024-11-11 23:28:53,742 [INFO] PluginManage:310 - Check plugin pinoutandconfiguration
2024-11-11 23:28:53,761 [INFO] PluginManage:359 - Loaded plugin pinoutandconfiguration (category:base,tabindex:1)
2024-11-11 23:28:53,761 [INFO] PluginManage:310 - Check plugin pinoutconfig
2024-11-11 23:28:53,858 [WARN] SupportedApi:132 - Cannot load RTOS API schema: s4s-elt-must-match.1: The content of 'definitions' must match (annotation?, (simpleType | complexType)?, (unique | key | keyref)*)). A problem was found starting at: attribute.
2024-11-11 23:28:53,989 [INFO] PluginManage:359 - Loaded plugin pinoutconfig (category:base,tabindex:0)
2024-11-11 23:28:53,989 [INFO] PluginManage:310 - Check plugin power
2024-11-11 23:28:54,007 [INFO] PluginManage:359 - Loaded plugin power (category:power,tabindex:4)
2024-11-11 23:28:54,007 [INFO] PluginManage:310 - Check plugin projectmanager
2024-11-11 23:28:54,022 [INFO] PluginManage:359 - Loaded plugin projectmanager (category:projectmanager,tabindex:4)
2024-11-11 23:28:54,022 [INFO] PluginManage:310 - Check plugin rif
2024-11-11 23:28:54,042 [INFO] PluginManage:359 - Loaded plugin rif (category:base,tabindex:3)
2024-11-11 23:28:54,042 [INFO] PluginManage:310 - Check plugin thirdparty
2024-11-11 23:28:54,312 [INFO] PluginManage:359 - Loaded plugin thirdparty (category:base,tabindex:-1)
2024-11-11 23:28:54,312 [WARN] IntegrityCheckThread:84 - waiting for thirdparty lock release [integrity check]
2024-11-11 23:28:54,313 [INFO] IntegrityCheckThread:86 - entering critical section [integrity check]
2024-11-11 23:28:54,313 [INFO] PluginManage:310 - Check plugin tools
2024-11-11 23:28:54,313 [INFO] ThirdPartyUpdaterWithRetryManager:70 - Updater plugin not ready yet. [1/15]
2024-11-11 23:28:54,344 [INFO] PluginManage:359 - Loaded plugin tools (category:base,tabindex:7)
2024-11-11 23:28:54,344 [INFO] PluginManage:310 - Check plugin tutovideos
2024-11-11 23:28:54,552 [INFO] PluginManage:359 - Loaded plugin tutovideos (category:base,tabindex:-1)
2024-11-11 23:28:54,552 [INFO] PluginManage:310 - Check plugin updater
2024-11-11 23:28:54,571 [INFO] PluginManage:359 - Loaded plugin updater (category:base,tabindex:12)
2024-11-11 23:28:54,571 [INFO] PluginManage:310 - Check plugin userauth
2024-11-11 23:28:54,578 [INFO] UserAuth:113 - Init User Auth plugin
2024-11-11 23:28:54,578 [INFO] PluginManage:359 - Loaded plugin userauth (category:base,tabindex:14)
2024-11-11 23:28:54,579 [INFO] PluginManage:283 - PluginManage : Loaded plugins [18]
2024-11-11 23:28:54,818 [INFO] PinOutPanel:1561 - setPackage(No Configuration,No Configuration)
2024-11-11 23:28:54,918 [INFO] CADModel:165 - CPN selected for project level
2024-11-11 23:28:54,918 [INFO] CADModel:114 - Register for checkConnection events
2024-11-11 23:28:54,945 [INFO] IPUIPlugin:80 - create IPUIPlugin
2024-11-11 23:28:54,946 [INFO] PluginManager:220 - loadIPPluginJar : add adc
2024-11-11 23:28:54,985 [INFO] IPUIPlugin:80 - create IPUIPlugin
2024-11-11 23:28:54,985 [INFO] PluginManager:220 - loadIPPluginJar : add aes
2024-11-11 23:28:55,025 [INFO] IPUIPlugin:80 - create IPUIPlugin
2024-11-11 23:28:55,025 [INFO] PluginManager:220 - loadIPPluginJar : add can
2024-11-11 23:28:55,045 [INFO] IPUIPlugin:80 - create IPUIPlugin
2024-11-11 23:28:55,045 [INFO] PluginManager:220 - loadIPPluginJar : add comp
2024-11-11 23:28:55,070 [INFO] IPUIPlugin:80 - create IPUIPlugin
2024-11-11 23:28:55,071 [INFO] PluginManager:220 - loadIPPluginJar : add cryp
2024-11-11 23:28:55,080 [INFO] IPUIPlugin:80 - create IPUIPlugin
2024-11-11 23:28:55,080 [INFO] PluginManager:220 - loadIPPluginJar : add ddr_ctrl_phy
2024-11-11 23:28:55,114 [INFO] IPUIPlugin:80 - create IPUIPlugin
2024-11-11 23:28:55,115 [INFO] PluginManager:220 - loadIPPluginJar : add dfsdm
2024-11-11 23:28:55,132 [INFO] IPUIPlugin:80 - create IPUIPlugin
2024-11-11 23:28:55,133 [INFO] PluginManager:220 - loadIPPluginJar : add dma
2024-11-11 23:28:55,167 [INFO] IPUIPlugin:80 - create IPUIPlugin
2024-11-11 23:28:55,167 [INFO] PluginManager:220 - loadIPPluginJar : add dma3
2024-11-11 23:28:55,226 [INFO] IPUIPlugin:80 - create IPUIPlugin
2024-11-11 23:28:55,226 [INFO] PluginManager:220 - loadIPPluginJar : add extmemmanager
2024-11-11 23:28:55,242 [INFO] IPUIPlugin:80 - create IPUIPlugin
2024-11-11 23:28:55,243 [INFO] PluginManager:220 - loadIPPluginJar : add fatfs
2024-11-11 23:28:55,286 [INFO] IPUIPlugin:80 - create IPUIPlugin
2024-11-11 23:28:55,286 [INFO] PluginManager:220 - loadIPPluginJar : add fmc
2024-11-11 23:28:55,302 [INFO] IPUIPlugin:80 - create IPUIPlugin
2024-11-11 23:28:55,302 [INFO] PluginManager:220 - loadIPPluginJar : add freertos
2024-11-11 23:28:55,319 [INFO] IPUIPlugin:80 - create IPUIPlugin
2024-11-11 23:28:55,320 [INFO] PluginManager:220 - loadIPPluginJar : add genericplugin
2024-11-11 23:28:55,411 [INFO] IPUIPlugin:80 - create IPUIPlugin
2024-11-11 23:28:55,412 [INFO] PluginManager:220 - loadIPPluginJar : add gfxmmu
2024-11-11 23:28:55,544 [INFO] IPUIPlugin:80 - create IPUIPlugin
2024-11-11 23:28:55,544 [INFO] PluginManager:220 - loadIPPluginJar : add gic
2024-11-11 23:28:55,557 [INFO] IPUIPlugin:80 - create IPUIPlugin
2024-11-11 23:28:55,557 [INFO] PluginManager:220 - loadIPPluginJar : add gpio
2024-11-11 23:28:55,644 [INFO] IPUIPlugin:80 - create IPUIPlugin
2024-11-11 23:28:55,644 [INFO] PluginManager:220 - loadIPPluginJar : add gtzc
2024-11-11 23:28:55,682 [INFO] IPUIPlugin:80 - create IPUIPlugin
2024-11-11 23:28:55,683 [INFO] PluginManager:220 - loadIPPluginJar : add hash
2024-11-11 23:28:55,743 [INFO] IPUIPlugin:80 - create IPUIPlugin
2024-11-11 23:28:55,743 [INFO] PluginManager:220 - loadIPPluginJar : add i2c
2024-11-11 23:28:55,773 [INFO] IPUIPlugin:80 - create IPUIPlugin
2024-11-11 23:28:55,773 [INFO] PluginManager:220 - loadIPPluginJar : add i2s
2024-11-11 23:28:55,804 [INFO] IPUIPlugin:80 - create IPUIPlugin
2024-11-11 23:28:55,804 [INFO] PluginManager:220 - loadIPPluginJar : add i3c
2024-11-11 23:28:55,935 [INFO] IPUIPlugin:80 - create IPUIPlugin
2024-11-11 23:28:55,935 [INFO] PluginManager:220 - loadIPPluginJar : add ipddr
2024-11-11 23:28:56,003 [INFO] IPUIPlugin:80 - create IPUIPlugin
2024-11-11 23:28:56,003 [INFO] PluginManager:220 - loadIPPluginJar : add linkedlist
2024-11-11 23:28:56,030 [INFO] IPUIPlugin:80 - create IPUIPlugin
2024-11-11 23:28:56,030 [INFO] PluginManager:220 - loadIPPluginJar : add lorawan
2024-11-11 23:28:56,054 [INFO] IPUIPlugin:80 - create IPUIPlugin
2024-11-11 23:28:56,054 [INFO] PluginManager:220 - loadIPPluginJar : add ltdc
2024-11-11 23:28:56,064 [INFO] IPUIPlugin:80 - create IPUIPlugin
2024-11-11 23:28:56,064 [INFO] PluginManager:220 - loadIPPluginJar : add mdma
2024-11-11 23:28:56,071 [INFO] IPUIPlugin:80 - create IPUIPlugin
2024-11-11 23:28:56,072 [INFO] PluginManager:220 - loadIPPluginJar : add nvic
2024-11-11 23:28:56,098 [INFO] IPUIPlugin:80 - create IPUIPlugin
2024-11-11 23:28:56,098 [INFO] PluginManager:220 - loadIPPluginJar : add opamp
2024-11-11 23:28:56,144 [INFO] IPUIPlugin:80 - create IPUIPlugin
2024-11-11 23:28:56,144 [INFO] PluginManager:220 - loadIPPluginJar : add openamp
2024-11-11 23:28:56,187 [INFO] IPUIPlugin:80 - create IPUIPlugin
2024-11-11 23:28:56,187 [INFO] PluginManager:220 - loadIPPluginJar : add pdm2pcm
2024-11-11 23:28:56,200 [INFO] IPUIPlugin:80 - create IPUIPlugin
2024-11-11 23:28:56,203 [INFO] PluginManager:220 - loadIPPluginJar : add plateformsettings
2024-11-11 23:28:56,228 [INFO] IPUIPlugin:80 - create IPUIPlugin
2024-11-11 23:28:56,228 [INFO] PluginManager:220 - loadIPPluginJar : add quadspi
2024-11-11 23:28:56,261 [INFO] IPUIPlugin:80 - create IPUIPlugin
2024-11-11 23:28:56,262 [INFO] PluginManager:220 - loadIPPluginJar : add radio
2024-11-11 23:28:56,276 [INFO] IPUIPlugin:80 - create IPUIPlugin
2024-11-11 23:28:56,276 [INFO] PluginManager:220 - loadIPPluginJar : add resmgrutility
2024-11-11 23:28:56,334 [INFO] IPUIPlugin:80 - create IPUIPlugin
2024-11-11 23:28:56,334 [INFO] PluginManager:220 - loadIPPluginJar : add sai
2024-11-11 23:28:56,400 [INFO] IPUIPlugin:80 - create IPUIPlugin
2024-11-11 23:28:56,400 [INFO] PluginManager:220 - loadIPPluginJar : add spi
2024-11-11 23:28:56,508 [INFO] IPUIPlugin:80 - create IPUIPlugin
2024-11-11 23:28:56,508 [INFO] PluginManager:220 - loadIPPluginJar : add stm32_wpan
2024-11-11 23:28:56,526 [INFO] IPUIPlugin:80 - create IPUIPlugin
2024-11-11 23:28:56,527 [INFO] PluginManager:220 - loadIPPluginJar : add tim
2024-11-11 23:28:56,575 [INFO] IPUIPlugin:80 - create IPUIPlugin
2024-11-11 23:28:56,575 [INFO] PluginManager:220 - loadIPPluginJar : add touchsensing
2024-11-11 23:28:56,590 [INFO] IPUIPlugin:80 - create IPUIPlugin
2024-11-11 23:28:56,591 [INFO] PluginManager:220 - loadIPPluginJar : add tracer_emb
2024-11-11 23:28:56,605 [INFO] IPUIPlugin:80 - create IPUIPlugin
2024-11-11 23:28:56,605 [INFO] PluginManager:220 - loadIPPluginJar : add ts
2024-11-11 23:28:56,618 [INFO] IPUIPlugin:80 - create IPUIPlugin
2024-11-11 23:28:56,618 [INFO] PluginManager:220 - loadIPPluginJar : add tsc
2024-11-11 23:28:56,631 [INFO] IPUIPlugin:80 - create IPUIPlugin
2024-11-11 23:28:56,631 [INFO] PluginManager:220 - loadIPPluginJar : add ucpd
2024-11-11 23:28:56,658 [INFO] IPUIPlugin:80 - create IPUIPlugin
2024-11-11 23:28:56,658 [INFO] PluginManager:220 - loadIPPluginJar : add usart
2024-11-11 23:28:56,710 [INFO] IPUIPlugin:80 - create IPUIPlugin
2024-11-11 23:28:56,710 [INFO] PluginManager:220 - loadIPPluginJar : add usbx
2024-11-11 23:28:56,833 [INFO] CADModel:165 - CPN selected for project level
2024-11-11 23:28:56,834 [INFO] CADModel:114 - Register for checkConnection events
2024-11-11 23:28:56,834 [FATAL] Updater:334 - Updater called before beeing initialized
2024-11-11 23:28:56,834 [ERROR] CADModel:125 - Updater not yet initialized, retry later 
2024-11-11 23:28:56,969 [INFO] CADModel:165 - CPN selected for project level
2024-11-11 23:28:56,969 [INFO] CADModel:114 - Register for checkConnection events
2024-11-11 23:28:56,969 [FATAL] Updater:334 - Updater called before beeing initialized
2024-11-11 23:28:56,969 [ERROR] CADModel:125 - Updater not yet initialized, retry later 
2024-11-11 23:28:56,972 [FATAL] Updater:334 - Updater called before beeing initialized
2024-11-11 23:28:57,085 [FATAL] Updater:334 - Updater called before beeing initialized
2024-11-11 23:28:57,100 [INFO] DbMcusAds:53 - JSON generation date=Fri Sep 20 16:04:38 IDT 2024 (1726837478367)
2024-11-11 23:28:57,100 [FATAL] Updater:334 - Updater called before beeing initialized
2024-11-11 23:28:57,149 [WARN] DetailPanel:346 - Failed to get advertising image, set to default
2024-11-11 23:28:57,253 [FATAL] Updater:334 - Updater called before beeing initialized
2024-11-11 23:28:57,255 [FATAL] Updater:334 - Updater called before beeing initialized
2024-11-11 23:28:57,255 [FATAL] Updater:334 - Updater called before beeing initialized
2024-11-11 23:28:57,255 [WARN] DetailPanel:346 - Failed to get advertising image, set to default
2024-11-11 23:28:57,256 [FATAL] Updater:334 - Updater called before beeing initialized
2024-11-11 23:28:57,314 [ERROR] Updater:1164 - MainUpdater not yet initialized. External WinMGr cannot be set.
2024-11-11 23:28:57,316 [INFO] ThirdPartyUpdaterWithRetryManager:70 - Updater plugin not ready yet. [2/15]
2024-11-11 23:28:57,322 [INFO] Updater:1100 - Updater Version found : 6.12.1
2024-11-11 23:28:57,344 [INFO] ApplicationProperties:184 - Using Application install path: C:\STM32CubeIDE_1.10.1\STM32CubeIDE\plugins\com.st.stm32cube.common.mx_6.12.1.202409122256
2024-11-11 23:28:58,919 [ERROR] LogOutputStream:75 - [STDERR_REDIRECT] Nov 11, 2024 11:28:58 PM java.util.prefs.WindowsPreferences <init>
2024-11-11 23:28:58,920 [ERROR] LogOutputStream:75 - [STDERR_REDIRECT] WARNING: Could not open/create prefs root node Software\JavaSoft\Prefs at root 0xffffffff80000002. Windows RegCreateKeyEx(...) returned error code 5.
2024-11-11 23:28:58,920 [ERROR] LogOutputStream:75 - [STDERR_REDIRECT] 
2024-11-11 23:28:59,333 [INFO] MainUpdater:2873 - connection check result : 10
2024-11-11 23:28:59,333 [INFO] MainUpdater:3567 - Updater definition file requires update
2024-11-11 23:28:59,334 [INFO] MainUpdater:290 - Updater Check For Update Now.
2024-11-11 23:28:59,334 [INFO] MicroXplorer:498 - Change Database Version : DB.6.0.121
2024-11-11 23:28:59,348 [INFO] McuFinderGlobals:63 - Set McuFinder mode to 2 (CubeIDE integrated)
2024-11-11 23:28:59,348 [INFO] UserAuth:179 - activating auth plugin
2024-11-11 23:28:59,350 [INFO] UserAuth:417 - Internet connection configuration mode: 1
2024-11-11 23:28:59,372 [INFO] JxBrowserEngine:152 - Initiate JxBrowser Engine with user profile folder
2024-11-11 23:28:59,670 [INFO] ServerAccessManage:473 - Download File updaters.zip
2024-11-11 23:28:59,727 [INFO] FileExtend:240 - Unzip File : updaters.zip
2024-11-11 23:28:59,727 [INFO] FileExtend:255 - Standard Zip Deflate
2024-11-11 23:29:00,317 [WARN] MainUpdater:1194 - Updater busy. Cannot search thirdparties
2024-11-11 23:29:00,317 [INFO] ThirdPartyUpdaterWithRetryManager:96 - Updater plugin is busy. [1/15]
2024-11-11 23:29:00,340 [INFO] ServerAccessManage:473 - Download File PacksControlFlags.xml
2024-11-11 23:29:00,634 [INFO] ServerAccessManage:473 - Download File cubemx.pidx
2024-11-11 23:29:03,006 [INFO] ServerAccessManage:473 - Download File quantropi.X-CUBE-qispace-sdk-base.pdsc
2024-11-11 23:29:03,273 [WARN] ConditionMgr:438 - getConditionDescription Invalid condition id : Cortex-A Device cause : null
2024-11-11 23:29:03,292 [WARN] ConditionMgr:1039 - genDependencies : Invalid condition id : Cortex-A Device cause : null
2024-11-11 23:29:03,293 [WARN] ConditionMgr:1039 - genDependencies : Invalid condition id : Cortex-A Device cause : null
2024-11-11 23:29:03,293 [WARN] ConditionMgr:1039 - genDependencies : Invalid condition id : Cortex-A Device cause : null
2024-11-11 23:29:03,293 [INFO] PopulateThirdPartyThread:66 - Ending populate Thread
2024-11-11 23:29:03,294 [INFO] ThirdParty:1030 - CMSIS Pack Vendor :quantropi X-CUBE-qispace-sdk-base 1.9.3
2024-11-11 23:29:03,294 [INFO] LoadServerUpdatesThread:375 - End of LoadServerUpdate Thread
2024-11-11 23:29:03,319 [WARN] MainUpdater:1194 - Updater busy. Cannot search thirdparties
2024-11-11 23:29:03,319 [INFO] ThirdPartyUpdaterWithRetryManager:96 - Updater plugin is busy. [2/15]
2024-11-11 23:29:03,427 [INFO] CheckServerUpdateThread:120 - End of CheckServer Thread
2024-11-11 23:29:05,471 [INFO] WebApp:167 - Instantiating new browser for Auth
2024-11-11 23:29:06,203 [INFO] WebApp:448 - Apply proxy settings
2024-11-11 23:29:06,203 [INFO] WebApp:533 - Chromium requires no authentication
2024-11-11 23:29:06,218 [INFO] WebApp:476 - Direct internet connection detected
2024-11-11 23:29:06,254 [INFO] WebApp:869 - Register for checkConnection events
2024-11-11 23:29:06,254 [INFO] WebApp:448 - Apply proxy settings
2024-11-11 23:29:06,254 [INFO] WebApp:533 - Chromium requires no authentication
2024-11-11 23:29:06,256 [INFO] WebApp:476 - Direct internet connection detected
2024-11-11 23:29:06,472 [INFO] WebApp:220 - Starting web application
2024-11-11 23:29:06,472 [INFO] WebApp:578 - Web application path used C:\STM32CubeIDE_1.10.1\STM32CubeIDE\plugins\com.st.stm32cube.common.mx_6.12.1.202409122256\db\plugins\mcufinder\reactClient1\index.html
2024-11-11 23:29:06,514 [WARN] PackLoader:240 - Cannot read IP mode file for STMicroelectronics.X-CUBE-SMBUS.2.1.0
2024-11-11 23:29:06,540 [WARN] PackLoader:240 - Cannot read IP mode file for STMicroelectronics.X-CUBE-WB05N.1.1.0
2024-11-11 23:29:06,593 [WARN] PackLoader:240 - Cannot read IP mode file for STMicroelectronics.X-CUBE-AZRTOS-F7.1.1.0
2024-11-11 23:29:06,624 [WARN] PackLoader:240 - Cannot read IP mode file for STMicroelectronics.X-CUBE-BLE1.6.2.3
2024-11-11 23:29:06,727 [WARN] PackLoader:240 - Cannot read IP mode file for STMicroelectronics.X-CUBE-MEMS1.11.0.0
2024-11-11 23:29:06,954 [WARN] PackLoader:240 - Cannot read IP mode file for STMicroelectronics.X-CUBE-TOF1.3.1.0
2024-11-11 23:29:06,985 [INFO] WebApp:186 - Connection restablished
2024-11-11 23:29:07,000 [WARN] PackLoader:240 - Cannot read IP mode file for STMicroelectronics.X-CUBE-NFC10.1.0.0
2024-11-11 23:29:07,096 [WARN] PackLoader:240 - Cannot read IP mode file for STMicroelectronics.X-CUBE-MEMS1.9.3.0
2024-11-11 23:29:07,262 [WARN] PackLoader:240 - Cannot read IP mode file for STMicroelectronics.X-CUBE-AI.7.2.0
2024-11-11 23:29:07,300 [INFO] LogOutputStream:77 - [STDOUT_REDIRECT] 1 : Invalid condition id : UX_CORESTACK_Condition cause : null
2024-11-11 23:29:07,303 [INFO] LogOutputStream:77 - [STDOUT_REDIRECT] 1 : Invalid condition id : UX_CORESTACK_Condition cause : null
2024-11-11 23:29:07,305 [INFO] LogOutputStream:77 - [STDOUT_REDIRECT] 1 : Invalid condition id : UX_CORESTACK_Condition cause : null
2024-11-11 23:29:07,308 [INFO] LogOutputStream:77 - [STDOUT_REDIRECT] 1 : Invalid condition id : UX_CORESTACK_Condition cause : null
2024-11-11 23:29:07,311 [INFO] LogOutputStream:77 - [STDOUT_REDIRECT] 1 : Invalid condition id : UX_CORESTACK_Condition cause : null
2024-11-11 23:29:07,315 [WARN] PackLoader:240 - Cannot read IP mode file for STMicroelectronics.X-CUBE-AZRTOS-WL.2.0.0
2024-11-11 23:29:07,327 [WARN] PackLoader:240 - Cannot read IP mode file for wolfSSL.I-CUBE-wolfMQTT.1.19.0
2024-11-11 23:29:07,366 [WARN] PackLoader:240 - Cannot read IP mode file for WES.I-CUBE-Cesium.1.3.0
2024-11-11 23:29:07,391 [WARN] PackLoader:240 - Cannot read IP mode file for STMicroelectronics.X-CUBE-BLE2.3.3.0
2024-11-11 23:29:07,423 [WARN] PackLoader:240 - Cannot read IP mode file for STMicroelectronics.X-CUBE-DISPLAY.2.2.0
2024-11-11 23:29:07,453 [WARN] PackLoader:240 - Cannot read IP mode file for STMicroelectronics.X-CUBE-ISPU.1.0.0
2024-11-11 23:29:07,485 [WARN] PackLoader:240 - Cannot read IP mode file for STMicroelectronics.X-CUBE-NFC9.1.0.0
2024-11-11 23:29:07,545 [WARN] PackLoader:240 - Cannot read IP mode file for STMicroelectronics.X-CUBE-AZRTOS-H7.2.1.0
2024-11-11 23:29:07,576 [WARN] PackLoader:240 - Cannot read IP mode file for STMicroelectronics.X-CUBE-TCPP.4.1.0
2024-11-11 23:29:07,671 [WARN] PackLoader:240 - Cannot read IP mode file for STMicroelectronics.X-CUBE-MEMS1.9.4.0
2024-11-11 23:29:07,829 [WARN] PackLoader:240 - Cannot read IP mode file for STMicroelectronics.X-CUBE-AI.7.3.0
2024-11-11 23:29:07,852 [WARN] PackLoader:240 - Cannot read IP mode file for STMicroelectronics.X-CUBE-ALGOBUILD.1.3.0
2024-11-11 23:29:07,890 [WARN] PackLoader:240 - Cannot read IP mode file for STMicroelectronics.X-CUBE-AZRTOS-G0.1.1.0
2024-11-11 23:29:07,917 [WARN] PackLoader:240 - Cannot read IP mode file for STMicroelectronics.X-CUBE-SAFEA1.1.2.2
2024-11-11 23:29:07,942 [WARN] PackLoader:240 - Cannot read IP mode file for STMicroelectronics.X-CUBE-NFC4.3.0.0
2024-11-11 23:29:07,997 [WARN] PackLoader:240 - Cannot read IP mode file for SEGGER.I-CUBE-embOS.1.2.0
2024-11-11 23:29:08,056 [WARN] PackLoader:240 - Cannot read IP mode file for EmbeddedOffice.I-CUBE-FS-RTOS.1.0.1
2024-11-11 23:29:08,057 [ERROR] ConditionMgr:805 - Attr not supported : Dmpu
2024-11-11 23:29:08,057 [ERROR] ConditionMgr:805 - Attr not supported : Dmpu
2024-11-11 23:29:08,057 [ERROR] ConditionMgr:805 - Attr not supported : Dmpu
2024-11-11 23:29:08,057 [ERROR] ConditionMgr:805 - Attr not supported : Dmpu
2024-11-11 23:29:08,057 [ERROR] ConditionMgr:805 - Attr not supported : Dmpu
2024-11-11 23:29:08,057 [ERROR] ConditionMgr:805 - Attr not supported : Dmpu
2024-11-11 23:29:08,057 [ERROR] ConditionMgr:805 - Attr not supported : Dmpu
2024-11-11 23:29:08,057 [ERROR] ConditionMgr:805 - Attr not supported : Dmpu
2024-11-11 23:29:08,057 [ERROR] ConditionMgr:805 - Attr not supported : Dmpu
2024-11-11 23:29:08,057 [ERROR] ConditionMgr:805 - Attr not supported : Dmpu
2024-11-11 23:29:08,057 [ERROR] ConditionMgr:805 - Attr not supported : Dmpu
2024-11-11 23:29:08,057 [ERROR] ConditionMgr:805 - Attr not supported : Dmpu
2024-11-11 23:29:08,057 [ERROR] ConditionMgr:805 - Attr not supported : Dmpu
2024-11-11 23:29:08,057 [ERROR] ConditionMgr:805 - Attr not supported : Dmpu
2024-11-11 23:29:08,057 [ERROR] ConditionMgr:805 - Attr not supported : Dmpu
2024-11-11 23:29:08,058 [ERROR] ConditionMgr:805 - Attr not supported : Dmpu
2024-11-11 23:29:08,058 [ERROR] ConditionMgr:805 - Attr not supported : Dmpu
2024-11-11 23:29:08,058 [ERROR] ConditionMgr:805 - Attr not supported : Dmpu
2024-11-11 23:29:08,058 [ERROR] ConditionMgr:805 - Attr not supported : Dmpu
2024-11-11 23:29:08,058 [ERROR] ConditionMgr:805 - Attr not supported : Dmpu
2024-11-11 23:29:08,058 [ERROR] ConditionMgr:805 - Attr not supported : Dmpu
2024-11-11 23:29:08,058 [ERROR] ConditionMgr:805 - Attr not supported : Dmpu
2024-11-11 23:29:08,058 [ERROR] ConditionMgr:805 - Attr not supported : Dmpu
2024-11-11 23:29:08,058 [ERROR] ConditionMgr:805 - Attr not supported : Dmpu
2024-11-11 23:29:08,058 [ERROR] ConditionMgr:805 - Attr not supported : Dmpu
2024-11-11 23:29:08,059 [ERROR] ConditionMgr:805 - Attr not supported : Dmpu
2024-11-11 23:29:08,059 [ERROR] ConditionMgr:805 - Attr not supported : Dmpu
2024-11-11 23:29:08,059 [ERROR] ConditionMgr:805 - Attr not supported : Dmpu
2024-11-11 23:29:08,059 [ERROR] ConditionMgr:805 - Attr not supported : Dmpu
2024-11-11 23:29:08,059 [ERROR] ConditionMgr:805 - Attr not supported : Dmpu
2024-11-11 23:29:08,059 [ERROR] ConditionMgr:805 - Attr not supported : Dmpu
2024-11-11 23:29:08,059 [ERROR] ConditionMgr:805 - Attr not supported : Dmpu
2024-11-11 23:29:08,059 [ERROR] ConditionMgr:805 - Attr not supported : Dmpu
2024-11-11 23:29:08,059 [ERROR] ConditionMgr:805 - Attr not supported : Dmpu
2024-11-11 23:29:08,059 [ERROR] ConditionMgr:805 - Attr not supported : Dmpu
2024-11-11 23:29:08,059 [ERROR] ConditionMgr:805 - Attr not supported : Dmpu
2024-11-11 23:29:08,059 [ERROR] ConditionMgr:805 - Attr not supported : Dmpu
2024-11-11 23:29:08,059 [ERROR] ConditionMgr:805 - Attr not supported : Dmpu
2024-11-11 23:29:08,059 [ERROR] ConditionMgr:805 - Attr not supported : Dmpu
2024-11-11 23:29:08,059 [ERROR] ConditionMgr:805 - Attr not supported : Dmpu
2024-11-11 23:29:08,059 [ERROR] ConditionMgr:805 - Attr not supported : Dmpu
2024-11-11 23:29:08,060 [ERROR] ConditionMgr:805 - Attr not supported : Dmpu
2024-11-11 23:29:08,060 [ERROR] ConditionMgr:805 - Attr not supported : Dmpu
2024-11-11 23:29:08,060 [ERROR] ConditionMgr:805 - Attr not supported : Dmpu
2024-11-11 23:29:08,060 [ERROR] ConditionMgr:805 - Attr not supported : Dmpu
2024-11-11 23:29:08,060 [ERROR] ConditionMgr:805 - Attr not supported : Dmpu
2024-11-11 23:29:08,060 [ERROR] ConditionMgr:805 - Attr not supported : Dmpu
2024-11-11 23:29:08,060 [ERROR] ConditionMgr:805 - Attr not supported : Dmpu
2024-11-11 23:29:08,060 [ERROR] ConditionMgr:805 - Attr not supported : Dmpu
2024-11-11 23:29:08,060 [ERROR] ConditionMgr:805 - Attr not supported : Dmpu
2024-11-11 23:29:08,060 [ERROR] ConditionMgr:805 - Attr not supported : Dmpu
2024-11-11 23:29:08,060 [ERROR] ConditionMgr:805 - Attr not supported : Dmpu
2024-11-11 23:29:08,060 [ERROR] ConditionMgr:805 - Attr not supported : Dmpu
2024-11-11 23:29:08,060 [ERROR] ConditionMgr:805 - Attr not supported : Dmpu
2024-11-11 23:29:08,061 [ERROR] ConditionMgr:805 - Attr not supported : Dmpu
2024-11-11 23:29:08,061 [ERROR] ConditionMgr:805 - Attr not supported : Dmpu
2024-11-11 23:29:08,061 [ERROR] ConditionMgr:805 - Attr not supported : Dmpu
2024-11-11 23:29:08,061 [ERROR] ConditionMgr:805 - Attr not supported : Dmpu
2024-11-11 23:29:08,061 [ERROR] ConditionMgr:805 - Attr not supported : Dmpu
2024-11-11 23:29:08,061 [ERROR] ConditionMgr:805 - Attr not supported : Dmpu
2024-11-11 23:29:08,061 [ERROR] ConditionMgr:805 - Attr not supported : Dmpu
2024-11-11 23:29:08,061 [ERROR] ConditionMgr:805 - Attr not supported : Dmpu
2024-11-11 23:29:08,061 [ERROR] ConditionMgr:805 - Attr not supported : Dmpu
2024-11-11 23:29:08,061 [ERROR] ConditionMgr:805 - Attr not supported : Dmpu
2024-11-11 23:29:08,078 [WARN] PackLoader:240 - Cannot read IP mode file for RealThread.X-CUBE-RT-Thread_Nano.4.1.1
2024-11-11 23:29:08,082 [WARN] ConditionMgr:438 - getConditionDescription Invalid condition id : Cortex-A Device cause : null
2024-11-11 23:29:08,092 [WARN] ConditionMgr:1039 - genDependencies : Invalid condition id : Cortex-A Device cause : null
2024-11-11 23:29:08,092 [WARN] ConditionMgr:1039 - genDependencies : Invalid condition id : Cortex-A Device cause : null
2024-11-11 23:29:08,092 [WARN] ConditionMgr:1039 - genDependencies : Invalid condition id : Cortex-A Device cause : null
2024-11-11 23:29:08,109 [WARN] PackLoader:240 - Cannot read IP mode file for emotas.I-CUBE-CANOPEN.1.1.2
2024-11-11 23:29:08,128 [WARN] PackLoader:240 - Cannot read IP mode file for STMicroelectronics.X-CUBE-TOUCHGFX.4.20.0
2024-11-11 23:29:08,143 [WARN] PackLoader:240 - Cannot read IP mode file for ITTIA_DB.I-CUBE-ITTIADB.8.9.0
2024-11-11 23:29:08,183 [WARN] PackLoader:240 - Cannot read IP mode file for SEGGER.I-CUBE-embOS.1.3.1
2024-11-11 23:29:08,231 [WARN] PackLoader:240 - Cannot read IP mode file for STMicroelectronics.X-CUBE-ALGOBUILD.1.4.0
2024-11-11 23:29:08,248 [WARN] PackLoader:240 - Cannot read IP mode file for STMicroelectronics.X-CUBE-AI.9.1.0
2024-11-11 23:29:08,261 [WARN] PackLoader:240 - Cannot read IP mode file for STMicroelectronics.X-CUBE-GNSS1.6.0.0
2024-11-11 23:29:08,296 [WARN] PackLoader:240 - Cannot read IP mode file for STMicroelectronics.X-CUBE-AZRTOS-F4.1.1.0
2024-11-11 23:29:08,316 [WARN] PackLoader:240 - Cannot read IP mode file for STMicroelectronics.X-CUBE-ISPU.2.1.0
2024-11-11 23:29:08,352 [WARN] PackLoader:240 - Cannot read IP mode file for STMicroelectronics.X-CUBE-AZRTOS-L5.2.0.0
2024-11-11 23:29:08,374 [WARN] PackLoader:240 - Cannot read IP mode file for STMicroelectronics.X-CUBE-NFC6.3.1.0
2024-11-11 23:29:08,398 [WARN] PackLoader:240 - Cannot read IP mode file for STMicroelectronics.X-CUBE-NFC4.2.0.5
2024-11-11 23:29:08,418 [WARN] PackLoader:240 - Cannot read IP mode file for STMicroelectronics.X-CUBE-NFC4.2.0.4
2024-11-11 23:29:08,437 [WARN] PackLoader:240 - Cannot read IP mode file for STMicroelectronics.X-CUBE-AI.9.0.0
2024-11-11 23:29:08,452 [WARN] PackLoader:240 - Cannot read IP mode file for wolfSSL.I-CUBE-wolfSSL.5.5.0
2024-11-11 23:29:08,466 [WARN] PackLoader:240 - Cannot read IP mode file for STMicroelectronics.X-CUBE-NFC7.1.0.1
2024-11-11 23:29:08,481 [WARN] PackLoader:240 - Cannot read IP mode file for STMicroelectronics.X-CUBE-NFC7.1.0.0
2024-11-11 23:29:08,510 [WARN] ConditionMgr:438 - getConditionDescription Invalid condition id : LAN8742 Phy interface Condition cause : null
2024-11-11 23:29:08,510 [WARN] PackLoader:240 - Cannot read IP mode file for STMicroelectronics.X-CUBE-AZRTOS-L4.2.0.0
2024-11-11 23:29:08,511 [WARN] ConditionMgr:1039 - genDependencies : Invalid condition id : LAN8742 Phy interface Condition cause : null
2024-11-11 23:29:08,512 [WARN] ConditionMgr:1039 - genDependencies : Invalid condition id : LAN8742 Phy interface Condition cause : null
2024-11-11 23:29:08,512 [WARN] ConditionMgr:1039 - genDependencies : Invalid condition id : LAN8742 Phy interface Condition cause : null
2024-11-11 23:29:08,532 [WARN] PackLoader:240 - Cannot read IP mode file for STMicroelectronics.X-CUBE-SFXS2LP1.4.0.0
2024-11-11 23:29:08,551 [WARN] PackLoader:240 - Cannot read IP mode file for STMicroelectronics.X-CUBE-ISPU.1.1.0
2024-11-11 23:29:08,578 [WARN] PackLoader:240 - Cannot read IP mode file for STMicroelectronics.X-CUBE-AZRTOS-H7.3.3.0
2024-11-11 23:29:08,607 [WARN] PackLoader:240 - Cannot read IP mode file for RoweBots.I-CUBE-UNISONRTOS.5.5.0-4
2024-11-11 23:29:08,630 [WARN] PackLoader:240 - Cannot read IP mode file for STMicroelectronics.X-CUBE-IPS.3.0.0
2024-11-11 23:29:08,660 [WARN] ConditionMgr:438 - getConditionDescription Invalid condition id : UX DEVICE CLASS RTOS Condition cause : null
2024-11-11 23:29:08,661 [WARN] ConditionMgr:438 - getConditionDescription Invalid condition id : UX DEVICE CLASS RTOS Condition cause : null
2024-11-11 23:29:08,662 [WARN] PackLoader:240 - Cannot read IP mode file for STMicroelectronics.X-CUBE-AZRTOS-WB.2.0.0
2024-11-11 23:29:08,663 [WARN] ConditionMgr:1039 - genDependencies : Invalid condition id : UX DEVICE CLASS RTOS Condition cause : null
2024-11-11 23:29:08,663 [WARN] ConditionMgr:1039 - genDependencies : Invalid condition id : UX DEVICE CLASS RTOS Condition cause : null
2024-11-11 23:29:08,663 [WARN] ConditionMgr:1039 - genDependencies : Invalid condition id : UX DEVICE CLASS RTOS Condition cause : null
2024-11-11 23:29:08,663 [WARN] ConditionMgr:1039 - genDependencies : Invalid condition id : UX DEVICE CLASS RTOS Condition cause : null
2024-11-11 23:29:08,663 [WARN] ConditionMgr:1039 - genDependencies : Invalid condition id : UX DEVICE CLASS RTOS Condition cause : null
2024-11-11 23:29:08,680 [WARN] PackLoader:240 - Cannot read IP mode file for STMicroelectronics.X-CUBE-BLEMGR.1.0.0
2024-11-11 23:29:08,697 [WARN] PackLoader:240 - Cannot read IP mode file for STMicroelectronics.X-CUBE-SUBG2.5.0.0
2024-11-11 23:29:08,705 [WARN] PackLoader:240 - Cannot read IP mode file for Cesanta.I-CUBE-Mongoose.7.13.0
2024-11-11 23:29:08,733 [WARN] PackLoader:240 - Cannot read IP mode file for STMicroelectronics.X-CUBE-AZRTOS-G4.2.0.0
2024-11-11 23:29:08,748 [WARN] PackLoader:240 - Cannot read IP mode file for STMicroelectronics.FP-ATR-ASTRA1.1.1.1
2024-11-11 23:29:08,769 [WARN] PackLoader:240 - Cannot read IP mode file for STMicroelectronics.X-CUBE-AZRTOS-G4.1.0.0
2024-11-11 23:29:08,791 [WARN] PackLoader:240 - Cannot read IP mode file for STMicroelectronics.X-CUBE-AZRTOS-L4.1.0.0
2024-11-11 23:29:08,814 [WARN] PackLoader:240 - Cannot read IP mode file for STMicroelectronics.X-CUBE-AZRTOS-WL.1.0.0
2024-11-11 23:29:08,825 [WARN] PackLoader:240 - Cannot read IP mode file for STMicroelectronics.X-CUBE-TOUCHGFX.4.24.1
2024-11-11 23:29:08,828 [WARN] PackLoader:240 - Cannot read IP mode file for wolfSSL.I-CUBE-wolfTPM.3.4.0
2024-11-11 23:29:08,844 [WARN] PackLoader:240 - Cannot read IP mode file for portGmbH.I-Cube-SoM-uGOAL.1.1.0
2024-11-11 23:29:08,858 [WARN] PackLoader:240 - Cannot read IP mode file for STMicroelectronics.X-CUBE-ALS.1.0.1
2024-11-11 23:29:08,878 [WARN] PackLoader:240 - Cannot read IP mode file for STMicroelectronics.X-CUBE-AZRTOS-L5.1.0.0
2024-11-11 23:29:08,893 [WARN] PackLoader:240 - Cannot read IP mode file for STMicroelectronics.X-CUBE-EEPRMA1.3.1.1
2024-11-11 23:29:08,916 [WARN] PackLoader:240 - Cannot read IP mode file for STMicroelectronics.X-CUBE-AZRTOS-H7RS.1.0.0
2024-11-11 23:29:08,933 [WARN] PackLoader:240 - Cannot read IP mode file for STMicroelectronics.X-CUBE-TOF1.3.4.2
2024-11-11 23:29:08,974 [WARN] PackLoader:240 - Cannot read IP mode file for Infineon.AIROC-Wi-Fi-Bluetooth-STM32.1.6.1
2024-11-11 23:29:08,980 [WARN] PackLoader:240 - Cannot read IP mode file for wolfSSL.I-CUBE-wolfSSH.1.4.17
2024-11-11 23:29:08,980 [INFO] ThirdParty:978 - Integrity check success = true
2024-11-11 23:29:08,980 [INFO] IntegrityCheckThread:100 - exiting critical section [integrity check]
2024-11-11 23:29:08,980 [INFO] IntegrityCheckThread:103 - End integrity checks thread
